X=[-3  0  3], N=200, M=3, Sigma=1
start=-8, end=8
max_iter=10, stop_thres=0.0001
mode=3

iter 0
    given input distribution [0.392 0.128 0.48 ]
    optimal quantizer [-8.   -1.28  1.2   8.  ]
    optimal input distribution [0.38976449 0.21920208 0.39103343]
    optimal I(X;Z) 1.126073052952437
    took 38.8614s
iter 1
    given input distribution [0.38976449 0.21920208 0.39103343]
    optimal quantizer [-8.   -1.36  1.36  8.  ]
    optimal input distribution [0.38174668 0.23650665 0.38174667]
    optimal I(X;Z) 1.1318035933560924
    took 38.9914s
iter 2
    given input distribution [0.38174668 0.23650665 0.38174667]
    optimal quantizer [-8.   -1.36  1.36  8.  ]
    optimal input distribution [0.38174668 0.23650665 0.38174667]
    optimal I(X;Z) 1.1318035933560924
    took 38.4927s
stopping criterion met