X=[-3  0  3], N=200, M=3, Sigma=1
start=-8, end=8
max_iter=10, stop_thres=0.0001
mode=3

iter 0
    given input distribution [0.24324324 0.26351351 0.49324324]
    optimal quantizer [-8.   -1.52  1.36  8.  ]
    optimal input distribution [0.37413079 0.24629483 0.37957438]
    optimal I(X;Z) 1.1301287670965963
    took 38.5140s
iter 1
    given input distribution [0.37413079 0.24629483 0.37957438]
    optimal quantizer [-8.   -1.44  1.36  8.  ]
    optimal input distribution [0.37795094 0.24166658 0.38038248]
    optimal I(X;Z) 1.131733479559982
    took 39.5563s
iter 2
    given input distribution [0.37795094 0.24166658 0.38038248]
    optimal quantizer [-8.   -1.36  1.36  8.  ]
    optimal input distribution [0.38174668 0.23650665 0.38174667]
    optimal I(X;Z) 1.1318035933560924
    took 39.6329s
stopping criterion met