X=[-3  0  3], N=200, M=3, Sigma=1
start=-8, end=8
max_iter=10, stop_thres=0.0001
mode=3

iter 0
    given input distribution [0.12765957 0.23404255 0.63829787]
    optimal quantizer [-8.   -1.6   1.28  8.  ]
    optimal input distribution [0.37248814 0.24428086 0.38323101]
    optimal I(X;Z) 1.125720355556012
    took 39.1269s
iter 1
    given input distribution [0.37248814 0.24428086 0.38323101]
    optimal quantizer [-8.   -1.44  1.36  8.  ]
    optimal input distribution [0.37795094 0.24166658 0.38038248]
    optimal I(X;Z) 1.131733479559982
    took 39.3703s
iter 2
    given input distribution [0.37795094 0.24166658 0.38038248]
    optimal quantizer [-8.   -1.36  1.36  8.  ]
    optimal input distribution [0.38174668 0.23650665 0.38174667]
    optimal I(X;Z) 1.1318035933560924
    took 38.3311s
stopping criterion met