X=[-3  0  3], N=200, M=3, Sigma=1
start=-8, end=8
max_iter=10, stop_thres=0.0001
mode=3

iter 0
    given input distribution [0.51785714 0.25595238 0.22619048]
    optimal quantizer [-8.   -1.36  1.52  8.  ]
    optimal input distribution [0.3795744  0.24629481 0.3741308 ]
    optimal I(X;Z) 1.1301287670954323
    took 37.9173s
iter 1
    given input distribution [0.3795744  0.24629481 0.3741308 ]
    optimal quantizer [-8.   -1.36  1.44  8.  ]
    optimal input distribution [0.38038243 0.24166669 0.37795088]
    optimal I(X;Z) 1.1317334795696499
    took 37.5577s
iter 2
    given input distribution [0.38038243 0.24166669 0.37795088]
    optimal quantizer [-8.   -1.36  1.36  8.  ]
    optimal input distribution [0.38174668 0.23650665 0.38174667]
    optimal I(X;Z) 1.1318035933560924
    took 37.6088s
stopping criterion met