X=[-3  0  3], N=200, M=3, Sigma=1
start=-8, end=8
max_iter=10, stop_thres=0.0001
mode=3

iter 0
    given input distribution [0.72727273 0.09090909 0.18181818]
    optimal quantizer [-8.   -1.12  1.28  8.  ]
    optimal input distribution [0.39466274 0.21265657 0.39268069]
    optimal I(X;Z) 1.1218828148686624
    took 34.7755s
iter 1
    given input distribution [0.39466274 0.21265657 0.39268069]
    optimal quantizer [-8.   -1.36  1.36  8.  ]
    optimal input distribution [0.38174668 0.23650665 0.38174667]
    optimal I(X;Z) 1.1318035933560924
    took 34.6590s
iter 2
    given input distribution [0.38174668 0.23650665 0.38174667]
    optimal quantizer [-8.   -1.36  1.36  8.  ]
    optimal input distribution [0.38174668 0.23650665 0.38174667]
    optimal I(X;Z) 1.1318035933560924
    took 34.3672s
stopping criterion met