X=[-3  0  3], N=200, M=3, Sigma=1
start=-8, end=8
max_iter=10, stop_thres=0.0001
mode=3

iter 0
    given input distribution [0.51282051 0.46794872 0.01923077]
    optimal quantizer [-8.   -1.92 -0.88  8.  ]
    optimal input distribution [4.86457144e-01 5.53531662e-09 5.13542850e-01]
    optimal I(X;Z) 0.9378375727573439
    took 36.1936s
iter 1
    given input distribution [4.86457144e-01 5.53531662e-09 5.13542850e-01]
    optimal quantizer [-8.  -0.4  0.4  8. ]
    optimal input distribution [0.48230961 0.03537885 0.48231154]
    optimal I(X;Z) 0.9992136403440488
    took 34.8098s
iter 2
    given input distribution [0.48230961 0.03537885 0.48231154]
    optimal quantizer [-8.   -0.96  0.96  8.  ]
    optimal input distribution [0.41432008 0.17135847 0.41432145]
    optimal I(X;Z) 1.0922550730817073
    took 35.0206s
iter 3
    given input distribution [0.41432008 0.17135847 0.41432145]
    optimal quantizer [-8.   -1.28  1.28  8.  ]
    optimal input distribution [0.38736331 0.22527341 0.38736327]
    optimal I(X;Z) 1.1289331236181281
    took 36.7410s
iter 4
    given input distribution [0.38736331 0.22527341 0.38736327]
    optimal quantizer [-8.   -1.36  1.36  8.  ]
    optimal input distribution [0.38174668 0.23650665 0.38174667]
    optimal I(X;Z) 1.1318035933560924
    took 36.4024s
iter 5
    given input distribution [0.38174668 0.23650665 0.38174667]
    optimal quantizer [-8.   -1.36  1.36  8.  ]
    optimal input distribution [0.38174668 0.23650665 0.38174667]
    optimal I(X;Z) 1.1318035933560924
    took 34.9735s
stopping criterion met