X=[-3  0  3], N=200, M=3, Sigma=1
start=-8, end=8
max_iter=10, stop_thres=0.0001
mode=3

iter 0
    given input distribution [0.72727273 0.1322314  0.14049587]
    optimal quantizer [-8.   -1.2   1.44  8.  ]
    optimal input distribution [0.38792371 0.22962078 0.38245551]
    optimal I(X;Z) 1.1275029751163432
    took 38.9581s
iter 1
    given input distribution [0.38792371 0.22962078 0.38245551]
    optimal quantizer [-8.   -1.36  1.36  8.  ]
    optimal input distribution [0.38174668 0.23650665 0.38174667]
    optimal I(X;Z) 1.1318035933560924
    took 37.9746s
iter 2
    given input distribution [0.38174668 0.23650665 0.38174667]
    optimal quantizer [-8.   -1.36  1.36  8.  ]
    optimal input distribution [0.38174668 0.23650665 0.38174667]
    optimal I(X;Z) 1.1318035933560924
    took 37.6541s
stopping criterion met