X=[-3  0  3], N=200, M=3, Sigma=1
start=-8, end=8
max_iter=10, stop_thres=0.0001
mode=3

iter 0
    given input distribution [0.11111111 0.77777778 0.11111111]
    optimal quantizer [-8.   -1.84  1.84  8.  ]
    optimal input distribution [0.35581447 0.28837107 0.35581446]
    optimal I(X;Z) 1.0804367474732535
    took 37.9938s
iter 1
    given input distribution [0.35581447 0.28837107 0.35581446]
    optimal quantizer [-8.   -1.44  1.44  8.  ]
    optimal input distribution [0.37652056 0.24695888 0.37652056]
    optimal I(X;Z) 1.1316124535581944
    took 37.5998s
iter 2
    given input distribution [0.37652056 0.24695888 0.37652056]
    optimal quantizer [-8.   -1.36  1.44  8.  ]
    optimal input distribution [0.38038243 0.24166669 0.37795088]
    optimal I(X;Z) 1.1317334795696499
    took 37.6720s
iter 3
    given input distribution [0.38038243 0.24166669 0.37795088]
    optimal quantizer [-8.   -1.36  1.36  8.  ]
    optimal input distribution [0.38174668 0.23650665 0.38174667]
    optimal I(X;Z) 1.1318035933560924
    took 37.1716s
stopping criterion met