X=[-3  0  3], N=200, M=3, Sigma=1
start=-8, end=8
max_iter=10, stop_thres=0.0001
mode=3

iter 0
    given input distribution [0.43181818 0.02272727 0.54545455]
    optimal quantizer [-8.   -0.88  0.88  8.  ]
    optimal input distribution [0.42235778 0.15528629 0.42235593]
    optimal I(X;Z) 1.0785931634470636
    took 41.3204s
iter 1
    given input distribution [0.42235778 0.15528629 0.42235593]
    optimal quantizer [-8.   -1.28  1.28  8.  ]
    optimal input distribution [0.38736331 0.22527341 0.38736327]
    optimal I(X;Z) 1.1289331236181281
    took 40.3895s
iter 2
    given input distribution [0.38736331 0.22527341 0.38736327]
    optimal quantizer [-8.   -1.36  1.36  8.  ]
    optimal input distribution [0.38174668 0.23650665 0.38174667]
    optimal I(X;Z) 1.1318035933560924
    took 39.8657s
iter 3
    given input distribution [0.38174668 0.23650665 0.38174667]
    optimal quantizer [-8.   -1.36  1.36  8.  ]
    optimal input distribution [0.38174668 0.23650665 0.38174667]
    optimal I(X;Z) 1.1318035933560924
    took 41.2510s
stopping criterion met