X=[-3  0  3], N=200, M=3, Sigma=1
start=-8, end=8
max_iter=10, stop_thres=0.0001
mode=3

iter 0
    given input distribution [0.45132743 0.17699115 0.37168142]
    optimal quantizer [-8.   -1.28  1.36  8.  ]
    optimal input distribution [0.38550101 0.23083812 0.38366087]
    optimal I(X;Z) 1.130376659229207
    took 39.1030s
iter 1
    given input distribution [0.38550101 0.23083812 0.38366087]
    optimal quantizer [-8.   -1.36  1.36  8.  ]
    optimal input distribution [0.38174668 0.23650665 0.38174667]
    optimal I(X;Z) 1.1318035933560924
    took 40.0324s
iter 2
    given input distribution [0.38174668 0.23650665 0.38174667]
    optimal quantizer [-8.   -1.36  1.36  8.  ]
    optimal input distribution [0.38174668 0.23650665 0.38174667]
    optimal I(X;Z) 1.1318035933560924
    took 39.4779s
stopping criterion met