X=[-3  0  3], N=200, M=3, Sigma=1
start=-8, end=8
max_iter=10, stop_thres=0.0001
mode=3

iter 0
    given input distribution [0.78095238 0.18095238 0.03809524]
    optimal quantizer [-8.   -1.2   1.76  8.  ]
    optimal input distribution [0.3883947  0.24331807 0.36828723]
    optimal I(X;Z) 1.1126041218066796
    took 38.3545s
iter 1
    given input distribution [0.3883947  0.24331807 0.36828723]
    optimal quantizer [-8.   -1.36  1.44  8.  ]
    optimal input distribution [0.38038243 0.24166669 0.37795088]
    optimal I(X;Z) 1.1317334795696499
    took 37.2832s
iter 2
    given input distribution [0.38038243 0.24166669 0.37795088]
    optimal quantizer [-8.   -1.36  1.36  8.  ]
    optimal input distribution [0.38174668 0.23650665 0.38174667]
    optimal I(X;Z) 1.1318035933560924
    took 37.6801s
stopping criterion met