X=[-3  0  3], N=200, M=3, Sigma=1
start=-8, end=8
max_iter=10, stop_thres=0.0001
mode=3

iter 0
    given input distribution [0.29032258 0.07258065 0.63709677]
    optimal quantizer [-8.   -1.2   1.04  8.  ]
    optimal input distribution [0.39965838 0.19972881 0.40061281]
    optimal I(X;Z) 1.113722180641831
    took 36.8281s
iter 1
    given input distribution [0.39965838 0.19972881 0.40061281]
    optimal quantizer [-8.   -1.36  1.36  8.  ]
    optimal input distribution [0.38174668 0.23650665 0.38174667]
    optimal I(X;Z) 1.1318035933560924
    took 37.5042s
iter 2
    given input distribution [0.38174668 0.23650665 0.38174667]
    optimal quantizer [-8.   -1.36  1.36  8.  ]
    optimal input distribution [0.38174668 0.23650665 0.38174667]
    optimal I(X;Z) 1.1318035933560924
    took 36.6562s
stopping criterion met