X=[-3  0  3], N=200, M=3, Sigma=1
start=-8, end=8
max_iter=10, stop_thres=0.0001
mode=3

iter 0
    given input distribution [0.71186441 0.25423729 0.03389831]
    optimal quantizer [-8.   -1.28  1.84  8.  ]
    optimal input distribution [0.38590397 0.25228024 0.36181579]
    optimal I(X;Z) 1.1076890326840627
    took 37.5645s
iter 1
    given input distribution [0.38590397 0.25228024 0.36181579]
    optimal quantizer [-8.   -1.36  1.44  8.  ]
    optimal input distribution [0.38038243 0.24166669 0.37795088]
    optimal I(X;Z) 1.1317334795696499
    took 37.5535s
iter 2
    given input distribution [0.38038243 0.24166669 0.37795088]
    optimal quantizer [-8.   -1.36  1.36  8.  ]
    optimal input distribution [0.38174668 0.23650665 0.38174667]
    optimal I(X;Z) 1.1318035933560924
    took 37.3638s
stopping criterion met