X=[-3  0  3], N=200, M=3, Sigma=1
start=-8, end=8
max_iter=10, stop_thres=0.0001
mode=3

iter 0
    given input distribution [0.43867925 0.08962264 0.47169811]
    optimal quantizer [-8.   -1.2   1.12  8.  ]
    optimal input distribution [0.39628115 0.20670615 0.3970127 ]
    optimal I(X;Z) 1.1190803297619314
    took 34.4008s
iter 1
    given input distribution [0.39628115 0.20670615 0.3970127 ]
    optimal quantizer [-8.   -1.36  1.36  8.  ]
    optimal input distribution [0.38174668 0.23650665 0.38174667]
    optimal I(X;Z) 1.1318035933560924
    took 35.0865s
iter 2
    given input distribution [0.38174668 0.23650665 0.38174667]
    optimal quantizer [-8.   -1.36  1.36  8.  ]
    optimal input distribution [0.38174668 0.23650665 0.38174667]
    optimal I(X;Z) 1.1318035933560924
    took 35.4491s
stopping criterion met