X=[-3  0  3], N=200, M=3, Sigma=1
start=-8, end=8
max_iter=10, stop_thres=0.0001
mode=3

iter 0
    given input distribution [0.7394958  0.21848739 0.04201681]
    optimal quantizer [-8.   -1.28  1.76  8.  ]
    optimal input distribution [0.38448178 0.25026323 0.36525499]
    optimal I(X;Z) 1.1151102521305525
    took 39.6211s
iter 1
    given input distribution [0.38448178 0.25026323 0.36525499]
    optimal quantizer [-8.   -1.36  1.44  8.  ]
    optimal input distribution [0.38038243 0.24166669 0.37795088]
    optimal I(X;Z) 1.1317334795696499
    took 38.8052s
iter 2
    given input distribution [0.38038243 0.24166669 0.37795088]
    optimal quantizer [-8.   -1.36  1.36  8.  ]
    optimal input distribution [0.38174668 0.23650665 0.38174667]
    optimal I(X;Z) 1.1318035933560924
    took 38.8421s
stopping criterion met