X=[-3  0  3], N=200, M=3, Sigma=1
start=-8, end=8
max_iter=10, stop_thres=0.0001
mode=3

iter 0
    given input distribution [0.65546218 0.23529412 0.1092437 ]
    optimal quantizer [-8.   -1.28  1.6   8.  ]
    optimal input distribution [0.38323101 0.24428087 0.37248813]
    optimal I(X;Z) 1.1257203555567075
    took 35.8391s
iter 1
    given input distribution [0.38323101 0.24428087 0.37248813]
    optimal quantizer [-8.   -1.36  1.44  8.  ]
    optimal input distribution [0.38038243 0.24166669 0.37795088]
    optimal I(X;Z) 1.1317334795696499
    took 36.6123s
iter 2
    given input distribution [0.38038243 0.24166669 0.37795088]
    optimal quantizer [-8.   -1.36  1.36  8.  ]
    optimal input distribution [0.38174668 0.23650665 0.38174667]
    optimal I(X;Z) 1.1318035933560924
    took 36.5253s
stopping criterion met