X=[-3 -1  1  3], N=200, M=4, Sigma=1
start=-8, end=8
max_iter=10, stop_thres=0.0001
mode=3

iter 0
    given input distribution [0.46808511 0.09929078 0.41843972 0.0141844 ]
    optimal quantizer [-8.   -2.   -0.88  0.24  8.  ]
    optimal input distribution [3.78842261e-01 1.70377576e-01 2.40317414e-09 4.50780161e-01]
    optimal I(X;Z) 1.074526359863687
    took 72.3245s
iter 1
    given input distribution [3.78842261e-01 1.70377576e-01 2.40317414e-09 4.50780161e-01]
    optimal quantizer [-8.   -2.32 -1.12  0.88  8.  ]
    optimal input distribution [3.33189126e-01 2.40030020e-01 9.27690752e-09 4.26780845e-01]
    optimal I(X;Z) 1.1311095766426167
    took 71.8543s
iter 2
    given input distribution [3.33189126e-01 2.40030020e-01 9.27690752e-09 4.26780845e-01]
    optimal quantizer [-8.   -2.4  -1.28  0.96  8.  ]
    optimal input distribution [3.29636513e-01 2.47393272e-01 1.01972942e-08 4.22970204e-01]
    optimal I(X;Z) 1.1321746071349459
    took 72.4515s
iter 3
    given input distribution [3.29636513e-01 2.47393272e-01 1.01972942e-08 4.22970204e-01]
    optimal quantizer [-8.   -2.4  -1.28  0.96  8.  ]
    optimal input distribution [3.29636513e-01 2.47393272e-01 1.01972942e-08 4.22970204e-01]
    optimal I(X;Z) 1.1321746071349459
    took 72.5064s
stopping criterion met