X=[-3 -1  1  3], N=200, M=4, Sigma=1
start=-8, end=8
max_iter=10, stop_thres=0.0001
mode=3

iter 0
    given input distribution [0.10569106 0.40650407 0.38211382 0.10569106]
    optimal quantizer [-8.   -2.08  0.    2.    8.  ]
    optimal input distribution [0.3525983  0.14992101 0.13894317 0.35853751]
    optimal I(X;Z) 1.1244368562616622
    took 74.3962s
iter 1
    given input distribution [0.3525983  0.14992101 0.13894317 0.35853751]
    optimal quantizer [-8.   -1.84  0.    1.76  8.  ]
    optimal input distribution [0.35687453 0.1473735  0.13166989 0.36408208]
    optimal I(X;Z) 1.1323954580933622
    took 79.2438s
iter 2
    given input distribution [0.35687453 0.1473735  0.13166989 0.36408208]
    optimal quantizer [-8.   -1.84  0.    1.76  8.  ]
    optimal input distribution [0.35687453 0.1473735  0.13166989 0.36408208]
    optimal I(X;Z) 1.1323954580933622
    took 76.4180s
stopping criterion met