X=[-3 -1  1  3], N=200, M=4, Sigma=1
start=-8, end=8
max_iter=10, stop_thres=0.0001
mode=3

iter 0
    given input distribution [0.44600939 0.33802817 0.02347418 0.19248826]
    optimal quantizer [-8.   -2.4  -1.2   1.12  8.  ]
    optimal input distribution [3.28006042e-01 2.53278600e-01 3.96718048e-09 4.18715354e-01]
    optimal I(X;Z) 1.1289433593170028
    took 76.8191s
iter 1
    given input distribution [3.28006042e-01 2.53278600e-01 3.96718048e-09 4.18715354e-01]
    optimal quantizer [-8.   -2.4  -1.28  0.96  8.  ]
    optimal input distribution [3.29636513e-01 2.47393272e-01 1.01972942e-08 4.22970204e-01]
    optimal I(X;Z) 1.1321746071349459
    took 74.8020s
iter 2
    given input distribution [3.29636513e-01 2.47393272e-01 1.01972942e-08 4.22970204e-01]
    optimal quantizer [-8.   -2.4  -1.28  0.96  8.  ]
    optimal input distribution [3.29636513e-01 2.47393272e-01 1.01972942e-08 4.22970204e-01]
    optimal I(X;Z) 1.1321746071349459
    took 75.8880s
stopping criterion met