X=[-3 -1  1  3], N=200, M=4, Sigma=1
start=-8, end=8
max_iter=10, stop_thres=0.0001
mode=3

iter 0
    given input distribution [0.37596899 0.1124031  0.3372093  0.1744186 ]
    optimal quantizer [-8.   -1.68 -0.24  2.08  8.  ]
    optimal input distribution [0.39206511 0.07654539 0.20099789 0.33039162]
    optimal I(X;Z) 1.1267455047693316
    took 74.9233s
iter 1
    given input distribution [0.39206511 0.07654539 0.20099789 0.33039162]
    optimal quantizer [-8.   -1.6  -0.08  1.92  8.  ]
    optimal input distribution [0.38183634 0.09632601 0.17805256 0.34378509]
    optimal I(X;Z) 1.130950664866146
    took 73.3463s
iter 2
    given input distribution [0.38183634 0.09632601 0.17805256 0.34378509]
    optimal quantizer [-8.   -1.68 -0.08  1.84  8.  ]
    optimal input distribution [0.37358424 0.11357682 0.16224834 0.3505906 ]
    optimal I(X;Z) 1.1319212828870424
    took 75.0251s
iter 3
    given input distribution [0.37358424 0.11357682 0.16224834 0.3505906 ]
    optimal quantizer [-8.   -1.68  0.    1.84  8.  ]
    optimal input distribution [0.36927581 0.12166797 0.15464186 0.35441437]
    optimal I(X;Z) 1.1321921933664452
    took 73.7681s
iter 4
    given input distribution [0.36927581 0.12166797 0.15464186 0.35441437]
    optimal quantizer [-8.   -1.76  0.    1.84  8.  ]
    optimal input distribution [0.36406892 0.13167785 0.14737667 0.35687655]
    optimal I(X;Z) 1.132395458711865
    took 72.6881s
iter 5
    given input distribution [0.36406892 0.13167785 0.14737667 0.35687655]
    optimal quantizer [-8.   -1.76  0.    1.84  8.  ]
    optimal input distribution [0.36406892 0.13167785 0.14737667 0.35687655]
    optimal I(X;Z) 1.132395458711865
    took 74.0342s
stopping criterion met