X=[-3 -1  1  3], N=200, M=4, Sigma=1
start=-8, end=8
max_iter=10, stop_thres=0.0001
mode=3

iter 0
    given input distribution [0.25373134 0.43283582 0.31343284 0.        ]
    optimal quantizer [-8.   -2.32 -0.88  0.4   8.  ]
    optimal input distribution [3.59092310e-01 1.97002279e-01 1.25148081e-08 4.43905399e-01]
    optimal I(X;Z) 1.0953276474653597
    took 70.0851s
iter 1
    given input distribution [3.59092310e-01 1.97002279e-01 1.25148081e-08 4.43905399e-01]
    optimal quantizer [-8.   -2.4  -1.2   0.88  8.  ]
    optimal input distribution [3.31947138e-01 2.42002340e-01 5.69070395e-09 4.26050516e-01]
    optimal I(X;Z) 1.131581659024092
    took 71.5794s
iter 2
    given input distribution [3.31947138e-01 2.42002340e-01 5.69070395e-09 4.26050516e-01]
    optimal quantizer [-8.   -2.4  -1.28  0.96  8.  ]
    optimal input distribution [3.29636513e-01 2.47393272e-01 1.01972942e-08 4.22970204e-01]
    optimal I(X;Z) 1.1321746071349459
    took 70.9224s
iter 3
    given input distribution [3.29636513e-01 2.47393272e-01 1.01972942e-08 4.22970204e-01]
    optimal quantizer [-8.   -2.4  -1.28  0.96  8.  ]
    optimal input distribution [3.29636513e-01 2.47393272e-01 1.01972942e-08 4.22970204e-01]
    optimal I(X;Z) 1.1321746071349459
    took 72.1588s
stopping criterion met