X=[-3 -1  1  3], N=200, M=4, Sigma=1
start=-8, end=8
max_iter=10, stop_thres=0.0001
mode=3

iter 0
    given input distribution [0.1884058  0.38405797 0.25362319 0.17391304]
    optimal quantizer [-8.   -2.08  0.    1.92  8.  ]
    optimal input distribution [0.35004735 0.15557713 0.13201969 0.36235582]
    optimal I(X;Z) 1.1263378561311188
    took 73.3786s
iter 1
    given input distribution [0.35004735 0.15557713 0.13201969 0.36235582]
    optimal quantizer [-8.   -1.84  0.    1.76  8.  ]
    optimal input distribution [0.35687453 0.1473735  0.13166989 0.36408208]
    optimal I(X;Z) 1.1323954580933622
    took 73.7747s
iter 2
    given input distribution [0.35687453 0.1473735  0.13166989 0.36408208]
    optimal quantizer [-8.   -1.84  0.    1.76  8.  ]
    optimal input distribution [0.35687453 0.1473735  0.13166989 0.36408208]
    optimal I(X;Z) 1.1323954580933622
    took 73.8343s
stopping criterion met