X=[-3 -1  1  3], N=200, M=4, Sigma=1
start=-8, end=8
max_iter=10, stop_thres=0.0001
mode=3

iter 0
    given input distribution [0.27717391 0.10869565 0.22826087 0.38586957]
    optimal quantizer [-8.   -1.68  0.    1.92  8.  ]
    optimal input distribution [0.37168619 0.11555897 0.16273255 0.35002228]
    optimal I(X;Z) 1.1317368470789695
    took 75.4806s
iter 1
    given input distribution [0.37168619 0.11555897 0.16273255 0.35002228]
    optimal quantizer [-8.   -1.68  0.    1.84  8.  ]
    optimal input distribution [0.36927581 0.12166797 0.15464186 0.35441437]
    optimal I(X;Z) 1.1321921933664452
    took 75.6233s
iter 2
    given input distribution [0.36927581 0.12166797 0.15464186 0.35441437]
    optimal quantizer [-8.   -1.76  0.    1.84  8.  ]
    optimal input distribution [0.36406892 0.13167785 0.14737667 0.35687655]
    optimal I(X;Z) 1.132395458711865
    took 73.8382s
iter 3
    given input distribution [0.36406892 0.13167785 0.14737667 0.35687655]
    optimal quantizer [-8.   -1.76  0.    1.84  8.  ]
    optimal input distribution [0.36406892 0.13167785 0.14737667 0.35687655]
    optimal I(X;Z) 1.132395458711865
    took 70.4965s
stopping criterion met