X=[-3 -1  1  3], N=200, M=4, Sigma=1
start=-8, end=8
max_iter=10, stop_thres=0.0001
mode=3

iter 0
    given input distribution [0.30827068 0.19924812 0.19548872 0.29699248]
    optimal quantizer [-8.   -1.84  0.    1.84  8.  ]
    optimal input distribution [0.3593222  0.1406788  0.14067933 0.35931967]
    optimal I(X;Z) 1.1320922655767411
    took 67.7733s
iter 1
    given input distribution [0.3593222  0.1406788  0.14067933 0.35931967]
    optimal quantizer [-8.   -1.76  0.    1.76  8.  ]
    optimal input distribution [0.36164165 0.13835742 0.13835698 0.36164395]
    optimal I(X;Z) 1.1324863773074734
    took 70.8003s
iter 2
    given input distribution [0.36164165 0.13835742 0.13835698 0.36164395]
    optimal quantizer [-8.   -1.76  0.    1.76  8.  ]
    optimal input distribution [0.36164165 0.13835742 0.13835698 0.36164395]
    optimal I(X;Z) 1.1324863773074734
    took 69.4104s
stopping criterion met