X=[-3 -1  1  3], N=200, M=4, Sigma=1
start=-8, end=8
max_iter=10, stop_thres=0.0001
mode=3

iter 0
    given input distribution [0.28783383 0.17210682 0.27893175 0.2611276 ]
    optimal quantizer [-8.   -1.84 -0.08  2.    8.  ]
    optimal input distribution [0.36906044 0.11988906 0.16447797 0.34657253]
    optimal I(X;Z) 1.1294760284834071
    took 76.5152s
iter 1
    given input distribution [0.36906044 0.11988906 0.16447797 0.34657253]
    optimal quantizer [-8.   -1.76 -0.08  1.84  8.  ]
    optimal input distribution [0.36845445 0.12339853 0.15528115 0.35286587]
    optimal I(X;Z) 1.132175727719702
    took 75.7760s
iter 2
    given input distribution [0.36845445 0.12339853 0.15528115 0.35286587]
    optimal quantizer [-8.   -1.76  0.    1.84  8.  ]
    optimal input distribution [0.36406892 0.13167785 0.14737667 0.35687655]
    optimal I(X;Z) 1.132395458711865
    took 75.1959s
iter 3
    given input distribution [0.36406892 0.13167785 0.14737667 0.35687655]
    optimal quantizer [-8.   -1.76  0.    1.84  8.  ]
    optimal input distribution [0.36406892 0.13167785 0.14737667 0.35687655]
    optimal I(X;Z) 1.132395458711865
    took 75.9006s
stopping criterion met