X=[-3 -1  1  3], N=200, M=4, Sigma=1
start=-8, end=8
max_iter=10, stop_thres=0.0001
mode=3

iter 0
    given input distribution [0.21086262 0.25559105 0.25559105 0.27795527]
    optimal quantizer [-8.   -1.92  0.    1.92  8.  ]
    optimal input distribution [0.3574498 0.1425502 0.1425502 0.3574498]
    optimal I(X;Z) 1.1301895282958214
    took 70.6241s
iter 1
    given input distribution [0.3574498 0.1425502 0.1425502 0.3574498]
    optimal quantizer [-8.   -1.76  0.    1.76  8.  ]
    optimal input distribution [0.36164165 0.13835742 0.13835698 0.36164395]
    optimal I(X;Z) 1.1324863773074734
    took 70.1062s
iter 2
    given input distribution [0.36164165 0.13835742 0.13835698 0.36164395]
    optimal quantizer [-8.   -1.76  0.    1.76  8.  ]
    optimal input distribution [0.36164165 0.13835742 0.13835698 0.36164395]
    optimal I(X;Z) 1.1324863773074734
    took 70.0358s
stopping criterion met