X=[-3 -1  1  3], N=200, M=4, Sigma=1
start=-8, end=8
max_iter=10, stop_thres=0.0001
mode=3

iter 0
    given input distribution [0.41059603 0.2384106  0.1589404  0.19205298]
    optimal quantizer [-8.   -1.92 -0.08  1.76  8.  ]
    optimal input distribution [0.35686033 0.1471439  0.13380101 0.36219476]
    optimal I(X;Z) 1.131708110046596
    took 75.6708s
iter 1
    given input distribution [0.35686033 0.1471439  0.13380101 0.36219476]
    optimal quantizer [-8.   -1.84  0.    1.76  8.  ]
    optimal input distribution [0.35687453 0.1473735  0.13166989 0.36408208]
    optimal I(X;Z) 1.1323954580933622
    took 71.6959s
iter 2
    given input distribution [0.35687453 0.1473735  0.13166989 0.36408208]
    optimal quantizer [-8.   -1.84  0.    1.76  8.  ]
    optimal input distribution [0.35687453 0.1473735  0.13166989 0.36408208]
    optimal I(X;Z) 1.1323954580933622
    took 74.6861s
stopping criterion met