X=[-3 -1  1  3], N=200, M=4, Sigma=1
start=-8, end=8
max_iter=10, stop_thres=0.0001
mode=3

iter 0
    given input distribution [0.28911565 0.19387755 0.23809524 0.27891156]
    optimal quantizer [-8.   -1.84  0.    1.92  8.  ]
    optimal input distribution [0.361757   0.13456032 0.1487024  0.35498028]
    optimal I(X;Z) 1.1312304979159662
    took 73.3673s
iter 1
    given input distribution [0.361757   0.13456032 0.1487024  0.35498028]
    optimal quantizer [-8.   -1.76  0.    1.84  8.  ]
    optimal input distribution [0.36406892 0.13167785 0.14737667 0.35687655]
    optimal I(X;Z) 1.132395458711865
    took 74.6083s
iter 2
    given input distribution [0.36406892 0.13167785 0.14737667 0.35687655]
    optimal quantizer [-8.   -1.76  0.    1.84  8.  ]
    optimal input distribution [0.36406892 0.13167785 0.14737667 0.35687655]
    optimal I(X;Z) 1.132395458711865
    took 72.8312s
stopping criterion met