X=[-3 -1  1  3], N=200, M=4, Sigma=1
start=-8, end=8
max_iter=10, stop_thres=0.0001
mode=3

iter 0
    given input distribution [0.09589041 0.23287671 0.26027397 0.4109589 ]
    optimal quantizer [-8.   -1.92  0.16  1.92  8.  ]
    optimal input distribution [0.34867312 0.15988681 0.1241213  0.36731877]
    optimal I(X;Z) 1.1296292273361492
    took 72.6576s
iter 1
    given input distribution [0.34867312 0.15988681 0.1241213  0.36731877]
    optimal quantizer [-8.   -1.84  0.    1.76  8.  ]
    optimal input distribution [0.35687453 0.1473735  0.13166989 0.36408208]
    optimal I(X;Z) 1.1323954580933622
    took 71.6656s
iter 2
    given input distribution [0.35687453 0.1473735  0.13166989 0.36408208]
    optimal quantizer [-8.   -1.84  0.    1.76  8.  ]
    optimal input distribution [0.35687453 0.1473735  0.13166989 0.36408208]
    optimal I(X;Z) 1.1323954580933622
    took 72.7684s
stopping criterion met