X=[-3 -1  1  3], N=200, M=4, Sigma=1
start=-8, end=8
max_iter=10, stop_thres=0.0001
mode=3

iter 0
    given input distribution [0.43171806 0.40969163 0.07929515 0.07929515]
    optimal quantizer [-8.   -2.24 -0.8   1.28  8.  ]
    optimal input distribution [0.33545613 0.23160236 0.02283395 0.41010756]
    optimal I(X;Z) 1.1216168421314447
    took 73.6213s
iter 1
    given input distribution [0.33545613 0.23160236 0.02283395 0.41010756]
    optimal quantizer [-8.   -2.24 -0.88  1.04  8.  ]
    optimal input distribution [3.30521337e-01 2.44768534e-01 4.36631278e-08 4.24710085e-01]
    optimal I(X;Z) 1.1297345295192618
    took 75.0983s
iter 2
    given input distribution [3.30521337e-01 2.44768534e-01 4.36631278e-08 4.24710085e-01]
    optimal quantizer [-8.   -2.4  -1.28  0.96  8.  ]
    optimal input distribution [3.29636513e-01 2.47393272e-01 1.01972942e-08 4.22970204e-01]
    optimal I(X;Z) 1.1321746071349459
    took 73.6582s
iter 3
    given input distribution [3.29636513e-01 2.47393272e-01 1.01972942e-08 4.22970204e-01]
    optimal quantizer [-8.   -2.4  -1.28  0.96  8.  ]
    optimal input distribution [3.29636513e-01 2.47393272e-01 1.01972942e-08 4.22970204e-01]
    optimal I(X;Z) 1.1321746071349459
    took 74.8729s
stopping criterion met