X=[-3 -1  1  3], N=200, M=4, Sigma=1
start=-8, end=8
max_iter=10, stop_thres=0.0001
mode=3

iter 0
    given input distribution [0.17142857 0.18571429 0.34761905 0.2952381 ]
    optimal quantizer [-8.   -1.84  0.    2.    8.  ]
    optimal input distribution [0.36418485 0.1290219  0.15574628 0.35104697]
    optimal I(X;Z) 1.12977067360429
    took 71.1198s
iter 1
    given input distribution [0.36418485 0.1290219  0.15574628 0.35104697]
    optimal quantizer [-8.   -1.76  0.    1.84  8.  ]
    optimal input distribution [0.36406892 0.13167785 0.14737667 0.35687655]
    optimal I(X;Z) 1.132395458711865
    took 72.0983s
iter 2
    given input distribution [0.36406892 0.13167785 0.14737667 0.35687655]
    optimal quantizer [-8.   -1.76  0.    1.84  8.  ]
    optimal input distribution [0.36406892 0.13167785 0.14737667 0.35687655]
    optimal I(X;Z) 1.132395458711865
    took 71.0535s
stopping criterion met