X=[-3 -1  1  3], N=200, M=4, Sigma=1
start=-8, end=8
max_iter=10, stop_thres=0.0001
mode=3

iter 0
    given input distribution [0.13425926 0.43518519 0.12037037 0.31018519]
    optimal quantizer [-8.   -2.16  0.24  1.68  8.  ]
    optimal input distribution [0.32656389 0.20711356 0.07128465 0.39503791]
    optimal I(X;Z) 1.1241355053312292
    took 73.6727s
iter 1
    given input distribution [0.32656389 0.20711356 0.07128465 0.39503791]
    optimal quantizer [-8.   -1.92  0.16  1.6   8.  ]
    optimal input distribution [0.34025067 0.18555952 0.08759525 0.38659455]
    optimal I(X;Z) 1.1302981968880421
    took 71.9541s
iter 2
    given input distribution [0.34025067 0.18555952 0.08759525 0.38659455]
    optimal quantizer [-8.   -1.92  0.    1.6   8.  ]
    optimal input distribution [0.34750226 0.17059576 0.10448709 0.37741489]
    optimal I(X;Z) 1.1313166561362664
    took 71.3248s
iter 3
    given input distribution [0.34750226 0.17059576 0.10448709 0.37741489]
    optimal quantizer [-8.   -1.84  0.08  1.68  8.  ]
    optimal input distribution [0.35059483 0.1622485  0.11356564 0.37359102]
    optimal I(X;Z) 1.1319212819422826
    took 72.8461s
iter 4
    given input distribution [0.35059483 0.1622485  0.11356564 0.37359102]
    optimal quantizer [-8.   -1.84  0.    1.68  8.  ]
    optimal input distribution [0.35442294 0.15463431 0.12165863 0.36928412]
    optimal I(X;Z) 1.1321921920662539
    took 73.0900s
iter 5
    given input distribution [0.35442294 0.15463431 0.12165863 0.36928412]
    optimal quantizer [-8.   -1.84  0.    1.76  8.  ]
    optimal input distribution [0.35687453 0.1473735  0.13166989 0.36408208]
    optimal I(X;Z) 1.1323954580933622
    took 72.7809s
iter 6
    given input distribution [0.35687453 0.1473735  0.13166989 0.36408208]
    optimal quantizer [-8.   -1.84  0.    1.76  8.  ]
    optimal input distribution [0.35687453 0.1473735  0.13166989 0.36408208]
    optimal I(X;Z) 1.1323954580933622
    took 69.8477s
stopping criterion met