X=[-3 -1  1  3], N=200, M=4, Sigma=1
start=-8, end=8
max_iter=10, stop_thres=0.0001
mode=3

iter 0
    given input distribution [0.42051282 0.0974359  0.02051282 0.46153846]
    optimal quantizer [-8.   -1.84 -0.16  1.2   8.  ]
    optimal input distribution [0.34348227 0.20040655 0.04868997 0.40742122]
    optimal I(X;Z) 1.1244248421257157
    took 75.0800s
iter 1
    given input distribution [0.34348227 0.20040655 0.04868997 0.40742122]
    optimal quantizer [-8.   -1.92  0.16  1.52  8.  ]
    optimal input distribution [0.3380643  0.19333426 0.07580012 0.39280132]
    optimal I(X;Z) 1.1294953807144756
    took 73.8098s
iter 2
    given input distribution [0.3380643  0.19333426 0.07580012 0.39280132]
    optimal quantizer [-8.   -1.92  0.08  1.6   8.  ]
    optimal input distribution [0.343795   0.17804679 0.0963095  0.38184871]
    optimal I(X;Z) 1.13095066353943
    took 73.6608s
iter 3
    given input distribution [0.343795   0.17804679 0.0963095  0.38184871]
    optimal quantizer [-8.   -1.84  0.08  1.68  8.  ]
    optimal input distribution [0.35059483 0.1622485  0.11356564 0.37359102]
    optimal I(X;Z) 1.1319212819422826
    took 75.8963s
iter 4
    given input distribution [0.35059483 0.1622485  0.11356564 0.37359102]
    optimal quantizer [-8.   -1.84  0.    1.68  8.  ]
    optimal input distribution [0.35442294 0.15463431 0.12165863 0.36928412]
    optimal I(X;Z) 1.1321921920662539
    took 74.4017s
iter 5
    given input distribution [0.35442294 0.15463431 0.12165863 0.36928412]
    optimal quantizer [-8.   -1.84  0.    1.76  8.  ]
    optimal input distribution [0.35687453 0.1473735  0.13166989 0.36408208]
    optimal I(X;Z) 1.1323954580933622
    took 72.4632s
iter 6
    given input distribution [0.35687453 0.1473735  0.13166989 0.36408208]
    optimal quantizer [-8.   -1.84  0.    1.76  8.  ]
    optimal input distribution [0.35687453 0.1473735  0.13166989 0.36408208]
    optimal I(X;Z) 1.1323954580933622
    took 74.1277s
stopping criterion met