X=[-3 -1  1  3], N=200, M=4, Sigma=1
start=-8, end=8
max_iter=10, stop_thres=0.0001
mode=3

iter 0
    given input distribution [0.38686131 0.08759124 0.34306569 0.18248175]
    optimal quantizer [-8.   -1.6  -0.24  2.08  8.  ]
    optimal input distribution [0.39758479 0.06604948 0.20799629 0.32836944]
    optimal I(X;Z) 1.1266819899681915
    took 73.0534s
iter 1
    given input distribution [0.39758479 0.06604948 0.20799629 0.32836944]
    optimal quantizer [-8.   -1.52 -0.08  1.92  8.  ]
    optimal input distribution [0.38809577 0.08436537 0.1860947  0.34144416]
    optimal I(X;Z) 1.1301525788027478
    took 72.3135s
iter 2
    given input distribution [0.38809577 0.08436537 0.1860947  0.34144416]
    optimal quantizer [-8.   -1.6  -0.08  1.92  8.  ]
    optimal input distribution [0.38183634 0.09632601 0.17805256 0.34378509]
    optimal I(X;Z) 1.130950664866146
    took 72.2847s
iter 3
    given input distribution [0.38183634 0.09632601 0.17805256 0.34378509]
    optimal quantizer [-8.   -1.68 -0.08  1.84  8.  ]
    optimal input distribution [0.37358424 0.11357682 0.16224834 0.3505906 ]
    optimal I(X;Z) 1.1319212828870424
    took 72.3615s
iter 4
    given input distribution [0.37358424 0.11357682 0.16224834 0.3505906 ]
    optimal quantizer [-8.   -1.68  0.    1.84  8.  ]
    optimal input distribution [0.36927581 0.12166797 0.15464186 0.35441437]
    optimal I(X;Z) 1.1321921933664452
    took 74.3475s
iter 5
    given input distribution [0.36927581 0.12166797 0.15464186 0.35441437]
    optimal quantizer [-8.   -1.76  0.    1.84  8.  ]
    optimal input distribution [0.36406892 0.13167785 0.14737667 0.35687655]
    optimal I(X;Z) 1.132395458711865
    took 72.1154s
iter 6
    given input distribution [0.36406892 0.13167785 0.14737667 0.35687655]
    optimal quantizer [-8.   -1.76  0.    1.84  8.  ]
    optimal input distribution [0.36406892 0.13167785 0.14737667 0.35687655]
    optimal I(X;Z) 1.132395458711865
    took 73.6518s
stopping criterion met