X=[-3 -1  1  3], N=200, M=4, Sigma=1
start=-8, end=8
max_iter=10, stop_thres=0.0001
mode=3

iter 0
    given input distribution [0.12418301 0.09150327 0.18954248 0.59477124]
    optimal quantizer [-8.   -1.6   0.32  1.92  8.  ]
    optimal input distribution [0.36283962 0.13278654 0.14065294 0.3637209 ]
    optimal I(X;Z) 1.1296036369912221
    took 73.8223s
iter 1
    given input distribution [0.36283962 0.13278654 0.14065294 0.3637209 ]
    optimal quantizer [-8.   -1.76  0.    1.76  8.  ]
    optimal input distribution [0.36164165 0.13835742 0.13835698 0.36164395]
    optimal I(X;Z) 1.1324863773074734
    took 73.9253s
iter 2
    given input distribution [0.36164165 0.13835742 0.13835698 0.36164395]
    optimal quantizer [-8.   -1.76  0.    1.76  8.  ]
    optimal input distribution [0.36164165 0.13835742 0.13835698 0.36164395]
    optimal I(X;Z) 1.1324863773074734
    took 75.3585s
stopping criterion met