X=[-3 -1  1  3], N=200, M=4, Sigma=1
start=-8, end=8
max_iter=10, stop_thres=0.0001
mode=3

iter 0
    given input distribution [0.22277228 0.27722772 0.03960396 0.46039604]
    optimal quantizer [-8.   -2.08  0.24  1.44  8.  ]
    optimal input distribution [0.32417613 0.22357024 0.04163297 0.41062066]
    optimal I(X;Z) 1.1258680503220106
    took 73.3747s
iter 1
    given input distribution [0.32417613 0.22357024 0.04163297 0.41062066]
    optimal quantizer [-8.   -2.    0.08  1.44  8.  ]
    optimal input distribution [0.33480694 0.20210024 0.06546758 0.39762525]
    optimal I(X;Z) 1.1286112556216605
    took 72.9321s
iter 2
    given input distribution [0.33480694 0.20210024 0.06546758 0.39762525]
    optimal quantizer [-8.   -1.92  0.08  1.52  8.  ]
    optimal input distribution [0.34143771 0.18610014 0.08437454 0.38808762]
    optimal I(X;Z) 1.1301525798448186
    took 72.5977s
iter 3
    given input distribution [0.34143771 0.18610014 0.08437454 0.38808762]
    optimal quantizer [-8.   -1.92  0.08  1.6   8.  ]
    optimal input distribution [0.343795   0.17804679 0.0963095  0.38184871]
    optimal I(X;Z) 1.13095066353943
    took 73.0041s
iter 4
    given input distribution [0.343795   0.17804679 0.0963095  0.38184871]
    optimal quantizer [-8.   -1.84  0.08  1.68  8.  ]
    optimal input distribution [0.35059483 0.1622485  0.11356564 0.37359102]
    optimal I(X;Z) 1.1319212819422826
    took 72.4937s
iter 5
    given input distribution [0.35059483 0.1622485  0.11356564 0.37359102]
    optimal quantizer [-8.   -1.84  0.    1.68  8.  ]
    optimal input distribution [0.35442294 0.15463431 0.12165863 0.36928412]
    optimal I(X;Z) 1.1321921920662539
    took 72.7622s
iter 6
    given input distribution [0.35442294 0.15463431 0.12165863 0.36928412]
    optimal quantizer [-8.   -1.84  0.    1.76  8.  ]
    optimal input distribution [0.35687453 0.1473735  0.13166989 0.36408208]
    optimal I(X;Z) 1.1323954580933622
    took 73.5703s
iter 7
    given input distribution [0.35687453 0.1473735  0.13166989 0.36408208]
    optimal quantizer [-8.   -1.84  0.    1.76  8.  ]
    optimal input distribution [0.35687453 0.1473735  0.13166989 0.36408208]
    optimal I(X;Z) 1.1323954580933622
    took 72.0218s
stopping criterion met