X=[-3 -1  1  3], N=200, M=4, Sigma=1
start=-8, end=8
max_iter=10, stop_thres=0.0001
mode=3

iter 0
    given input distribution [0.43165468 0.49640288 0.07194245 0.        ]
    optimal quantizer [-8.   -2.56 -1.44  0.4   8.  ]
    optimal input distribution [3.54629588e-01 2.05039573e-01 1.09491213e-08 4.40330828e-01]
    optimal I(X;Z) 1.1010733203066645
    took 75.2110s
iter 1
    given input distribution [3.54629588e-01 2.05039573e-01 1.09491213e-08 4.40330828e-01]
    optimal quantizer [-8.   -2.4  -1.28  0.88  8.  ]
    optimal input distribution [3.31598656e-01 2.42903442e-01 8.24979001e-09 4.25497894e-01]
    optimal I(X;Z) 1.1317464903366432
    took 75.2129s
iter 2
    given input distribution [3.31598656e-01 2.42903442e-01 8.24979001e-09 4.25497894e-01]
    optimal quantizer [-8.   -2.4  -1.28  0.96  8.  ]
    optimal input distribution [3.29636513e-01 2.47393272e-01 1.01972942e-08 4.22970204e-01]
    optimal I(X;Z) 1.1321746071349459
    took 76.2514s
iter 3
    given input distribution [3.29636513e-01 2.47393272e-01 1.01972942e-08 4.22970204e-01]
    optimal quantizer [-8.   -2.4  -1.28  0.96  8.  ]
    optimal input distribution [3.29636513e-01 2.47393272e-01 1.01972942e-08 4.22970204e-01]
    optimal I(X;Z) 1.1321746071349459
    took 74.6923s
stopping criterion met