X=[-3 -1  1  3], N=200, M=4, Sigma=1
start=-8, end=8
max_iter=10, stop_thres=0.0001
mode=3

iter 0
    given input distribution [0.21276596 0.09574468 0.16489362 0.52659574]
    optimal quantizer [-8.   -1.68  0.16  1.84  8.  ]
    optimal input distribution [0.36149256 0.13681467 0.13904192 0.36265085]
    optimal I(X;Z) 1.1317522252963383
    took 69.9658s
iter 1
    given input distribution [0.36149256 0.13681467 0.13904192 0.36265085]
    optimal quantizer [-8.   -1.76  0.    1.76  8.  ]
    optimal input distribution [0.36164165 0.13835742 0.13835698 0.36164395]
    optimal I(X;Z) 1.1324863773074734
    took 68.4130s
iter 2
    given input distribution [0.36164165 0.13835742 0.13835698 0.36164395]
    optimal quantizer [-8.   -1.76  0.    1.76  8.  ]
    optimal input distribution [0.36164165 0.13835742 0.13835698 0.36164395]
    optimal I(X;Z) 1.1324863773074734
    took 69.8580s
stopping criterion met