X=[-3 -1  1  3], N=200, M=4, Sigma=1
start=-8, end=8
max_iter=10, stop_thres=0.0001
mode=3

iter 0
    given input distribution [0.0295203  0.28782288 0.35793358 0.32472325]
    optimal quantizer [-8.   -0.64  0.8   2.24  8.  ]
    optimal input distribution [4.36991180e-01 3.67869900e-09 2.19307417e-01 3.43701399e-01]
    optimal I(X;Z) 1.1163228148565363
    took 76.8906s
iter 1
    given input distribution [4.36991180e-01 3.67869900e-09 2.19307417e-01 3.43701399e-01]
    optimal quantizer [-8.   -0.96  1.2   2.4   8.  ]
    optimal input distribution [4.23570239e-01 6.21922267e-09 2.46458630e-01 3.29971125e-01]
    optimal I(X;Z) 1.1321410736843047
    took 77.1026s
iter 2
    given input distribution [4.23570239e-01 6.21922267e-09 2.46458630e-01 3.29971125e-01]
    optimal quantizer [-8.   -0.96  1.28  2.4   8.  ]
    optimal input distribution [4.22971959e-01 6.38129026e-09 2.47394182e-01 3.29633853e-01]
    optimal I(X;Z) 1.1321746084203959
    took 75.2644s
stopping criterion met