X=[-3 -1  1  3], N=200, M=4, Sigma=1
start=-8, end=8
max_iter=10, stop_thres=0.0001
mode=3

iter 0
    given input distribution [0.6984127  0.20634921 0.03968254 0.05555556]
    optimal quantizer [-8.   -2.16 -0.96  1.2   8.  ]
    optimal input distribution [3.31932590e-01 2.48101300e-01 1.41610639e-07 4.19965968e-01]
    optimal I(X;Z) 1.1244513144859534
    took 74.0723s
iter 1
    given input distribution [3.31932590e-01 2.48101300e-01 1.41610639e-07 4.19965968e-01]
    optimal quantizer [-8.   -2.4  -1.28  0.96  8.  ]
    optimal input distribution [3.29636513e-01 2.47393272e-01 1.01972942e-08 4.22970204e-01]
    optimal I(X;Z) 1.1321746071349459
    took 72.0924s
iter 2
    given input distribution [3.29636513e-01 2.47393272e-01 1.01972942e-08 4.22970204e-01]
    optimal quantizer [-8.   -2.4  -1.28  0.96  8.  ]
    optimal input distribution [3.29636513e-01 2.47393272e-01 1.01972942e-08 4.22970204e-01]
    optimal I(X;Z) 1.1321746071349459
    took 70.8759s
stopping criterion met