X=[-3 -1  1  3], N=200, M=4, Sigma=1
start=-8, end=8
max_iter=10, stop_thres=0.0001
mode=3

iter 0
    given input distribution [0.28666667 0.12       0.15333333 0.44      ]
    optimal quantizer [-8.   -1.76  0.08  1.84  8.  ]
    optimal input distribution [0.35996214 0.13964019 0.13927145 0.36112623]
    optimal I(X;Z) 1.1322951139799264
    took 73.4113s
iter 1
    given input distribution [0.35996214 0.13964019 0.13927145 0.36112623]
    optimal quantizer [-8.   -1.76  0.    1.76  8.  ]
    optimal input distribution [0.36164165 0.13835742 0.13835698 0.36164395]
    optimal I(X;Z) 1.1324863773074734
    took 75.1488s
iter 2
    given input distribution [0.36164165 0.13835742 0.13835698 0.36164395]
    optimal quantizer [-8.   -1.76  0.    1.76  8.  ]
    optimal input distribution [0.36164165 0.13835742 0.13835698 0.36164395]
    optimal I(X;Z) 1.1324863773074734
    took 75.0783s
stopping criterion met