X=[-3 -1  1  3], N=200, M=4, Sigma=1
start=-8, end=8
max_iter=10, stop_thres=0.0001
mode=3

iter 0
    given input distribution [0.3776824  0.27467811 0.21459227 0.13304721]
    optimal quantizer [-8.   -1.92 -0.08  1.92  8.  ]
    optimal input distribution [0.36223644 0.13351658 0.15132797 0.352919  ]
    optimal I(X;Z) 1.130049612438679
    took 72.9962s
iter 1
    given input distribution [0.36223644 0.13351658 0.15132797 0.352919  ]
    optimal quantizer [-8.   -1.76  0.    1.84  8.  ]
    optimal input distribution [0.36406892 0.13167785 0.14737667 0.35687655]
    optimal I(X;Z) 1.132395458711865
    took 75.2243s
iter 2
    given input distribution [0.36406892 0.13167785 0.14737667 0.35687655]
    optimal quantizer [-8.   -1.76  0.    1.84  8.  ]
    optimal input distribution [0.36406892 0.13167785 0.14737667 0.35687655]
    optimal I(X;Z) 1.132395458711865
    took 73.4543s
stopping criterion met