X=[-3 -1  1  3], N=200, M=4, Sigma=1
start=-8, end=8
max_iter=10, stop_thres=0.0001
mode=3

iter 0
    given input distribution [0.08737864 0.26213592 0.29126214 0.3592233 ]
    optimal quantizer [-8.   -2.    0.08  1.92  8.  ]
    optimal input distribution [0.34887121 0.15861685 0.12758985 0.3649221 ]
    optimal I(X;Z) 1.128350216818855
    took 73.8779s
iter 1
    given input distribution [0.34887121 0.15861685 0.12758985 0.3649221 ]
    optimal quantizer [-8.   -1.84  0.    1.76  8.  ]
    optimal input distribution [0.35687453 0.1473735  0.13166989 0.36408208]
    optimal I(X;Z) 1.1323954580933622
    took 71.9482s
iter 2
    given input distribution [0.35687453 0.1473735  0.13166989 0.36408208]
    optimal quantizer [-8.   -1.84  0.    1.76  8.  ]
    optimal input distribution [0.35687453 0.1473735  0.13166989 0.36408208]
    optimal I(X;Z) 1.1323954580933622
    took 73.4622s
stopping criterion met