X=[-3 -1  1  3], N=200, M=4, Sigma=1
start=-8, end=8
max_iter=10, stop_thres=0.0001
mode=3

iter 0
    given input distribution [0.09550562 0.4494382  0.15168539 0.30337079]
    optimal quantizer [-8.   -2.16  0.24  1.76  8.  ]
    optimal input distribution [0.32859989 0.20064046 0.08060153 0.39015812]
    optimal I(X;Z) 1.1236987525674178
    took 74.9266s
iter 1
    given input distribution [0.32859989 0.20064046 0.08060153 0.39015812]
    optimal quantizer [-8.   -1.92  0.08  1.6   8.  ]
    optimal input distribution [0.343795   0.17804679 0.0963095  0.38184871]
    optimal I(X;Z) 1.13095066353943
    took 74.3445s
iter 2
    given input distribution [0.343795   0.17804679 0.0963095  0.38184871]
    optimal quantizer [-8.   -1.84  0.08  1.68  8.  ]
    optimal input distribution [0.35059483 0.1622485  0.11356564 0.37359102]
    optimal I(X;Z) 1.1319212819422826
    took 75.2619s
iter 3
    given input distribution [0.35059483 0.1622485  0.11356564 0.37359102]
    optimal quantizer [-8.   -1.84  0.    1.68  8.  ]
    optimal input distribution [0.35442294 0.15463431 0.12165863 0.36928412]
    optimal I(X;Z) 1.1321921920662539
    took 73.7507s
iter 4
    given input distribution [0.35442294 0.15463431 0.12165863 0.36928412]
    optimal quantizer [-8.   -1.84  0.    1.76  8.  ]
    optimal input distribution [0.35687453 0.1473735  0.13166989 0.36408208]
    optimal I(X;Z) 1.1323954580933622
    took 74.6262s
iter 5
    given input distribution [0.35687453 0.1473735  0.13166989 0.36408208]
    optimal quantizer [-8.   -1.84  0.    1.76  8.  ]
    optimal input distribution [0.35687453 0.1473735  0.13166989 0.36408208]
    optimal I(X;Z) 1.1323954580933622
    took 74.8858s
stopping criterion met