X=[-3 -1  1  3], N=200, M=4, Sigma=1
start=-8, end=8
max_iter=10, stop_thres=0.0001
mode=3

iter 0
    given input distribution [0.24657534 0.06164384 0.54109589 0.15068493]
    optimal quantizer [-8.   -1.6  -0.24  2.24  8.  ]
    optimal input distribution [0.40347934 0.05620445 0.21941112 0.32090509]
    optimal I(X;Z) 1.1211114215886642
    took 71.1609s
iter 1
    given input distribution [0.40347934 0.05620445 0.21941112 0.32090509]
    optimal quantizer [-8.   -1.52 -0.16  1.92  8.  ]
    optimal input distribution [0.3928135  0.07578159 0.19333083 0.33807407]
    optimal I(X;Z) 1.1294953792081048
    took 73.1083s
iter 2
    given input distribution [0.3928135  0.07578159 0.19333083 0.33807407]
    optimal quantizer [-8.   -1.6  -0.08  1.92  8.  ]
    optimal input distribution [0.38183634 0.09632601 0.17805256 0.34378509]
    optimal I(X;Z) 1.130950664866146
    took 71.5031s
iter 3
    given input distribution [0.38183634 0.09632601 0.17805256 0.34378509]
    optimal quantizer [-8.   -1.68 -0.08  1.84  8.  ]
    optimal input distribution [0.37358424 0.11357682 0.16224834 0.3505906 ]
    optimal I(X;Z) 1.1319212828870424
    took 72.4210s
iter 4
    given input distribution [0.37358424 0.11357682 0.16224834 0.3505906 ]
    optimal quantizer [-8.   -1.68  0.    1.84  8.  ]
    optimal input distribution [0.36927581 0.12166797 0.15464186 0.35441437]
    optimal I(X;Z) 1.1321921933664452
    took 73.4148s
iter 5
    given input distribution [0.36927581 0.12166797 0.15464186 0.35441437]
    optimal quantizer [-8.   -1.76  0.    1.84  8.  ]
    optimal input distribution [0.36406892 0.13167785 0.14737667 0.35687655]
    optimal I(X;Z) 1.132395458711865
    took 71.6147s
iter 6
    given input distribution [0.36406892 0.13167785 0.14737667 0.35687655]
    optimal quantizer [-8.   -1.76  0.    1.84  8.  ]
    optimal input distribution [0.36406892 0.13167785 0.14737667 0.35687655]
    optimal I(X;Z) 1.132395458711865
    took 73.7174s
stopping criterion met