X=[-3 -1  1  3], N=200, M=4, Sigma=1
start=-8, end=8
max_iter=10, stop_thres=0.0001
mode=3

iter 0
    given input distribution [0.27439024 0.40853659 0.25609756 0.06097561]
    optimal quantizer [-8.   -2.08 -0.08  1.84  8.  ]
    optimal input distribution [0.35237501 0.1526552  0.1331364  0.36183339]
    optimal I(X;Z) 1.1278203078998983
    took 75.0111s
iter 1
    given input distribution [0.35237501 0.1526552  0.1331364  0.36183339]
    optimal quantizer [-8.   -1.84  0.    1.76  8.  ]
    optimal input distribution [0.35687453 0.1473735  0.13166989 0.36408208]
    optimal I(X;Z) 1.1323954580933622
    took 74.0946s
iter 2
    given input distribution [0.35687453 0.1473735  0.13166989 0.36408208]
    optimal quantizer [-8.   -1.84  0.    1.76  8.  ]
    optimal input distribution [0.35687453 0.1473735  0.13166989 0.36408208]
    optimal I(X;Z) 1.1323954580933622
    took 75.9629s
stopping criterion met