X=[-3 -1  1  3], N=200, M=4, Sigma=1
start=-8, end=8
max_iter=10, stop_thres=0.0001
mode=3

iter 0
    given input distribution [0.14893617 0.04255319 0.41843972 0.39007092]
    optimal quantizer [-8.   -1.2   1.12  2.4   8.  ]
    optimal input distribution [4.17320485e-01 4.45245299e-08 2.54620064e-01 3.28059406e-01]
    optimal I(X;Z) 1.1253482913278718
    took 69.1396s
iter 1
    given input distribution [4.17320485e-01 4.45245299e-08 2.54620064e-01 3.28059406e-01]
    optimal quantizer [-8.   -0.96  1.28  2.4   8.  ]
    optimal input distribution [4.22971959e-01 6.38129026e-09 2.47394182e-01 3.29633853e-01]
    optimal I(X;Z) 1.1321746084203959
    took 69.4140s
iter 2
    given input distribution [4.22971959e-01 6.38129026e-09 2.47394182e-01 3.29633853e-01]
    optimal quantizer [-8.   -0.96  1.28  2.4   8.  ]
    optimal input distribution [4.22971959e-01 6.38129026e-09 2.47394182e-01 3.29633853e-01]
    optimal I(X;Z) 1.1321746084203959
    took 69.0942s
stopping criterion met