X=[-3 -1  1  3], N=200, M=4, Sigma=1
start=-8, end=8
max_iter=10, stop_thres=0.0001
mode=3

iter 0
    given input distribution [0.27960526 0.30921053 0.20723684 0.20394737]
    optimal quantizer [-8.   -2.    0.    1.84  8.  ]
    optimal input distribution [0.35104703 0.15574619 0.12902188 0.36418489]
    optimal I(X;Z) 1.129770673595853
    took 75.1824s
iter 1
    given input distribution [0.35104703 0.15574619 0.12902188 0.36418489]
    optimal quantizer [-8.   -1.84  0.    1.76  8.  ]
    optimal input distribution [0.35687453 0.1473735  0.13166989 0.36408208]
    optimal I(X;Z) 1.1323954580933622
    took 74.0912s
iter 2
    given input distribution [0.35687453 0.1473735  0.13166989 0.36408208]
    optimal quantizer [-8.   -1.84  0.    1.76  8.  ]
    optimal input distribution [0.35687453 0.1473735  0.13166989 0.36408208]
    optimal I(X;Z) 1.1323954580933622
    took 75.0837s
stopping criterion met