X=[-3 -1  1  3], N=200, M=4, Sigma=1
start=-8, end=8
max_iter=10, stop_thres=0.0001
mode=3

iter 0
    given input distribution [0.30337079 0.34456929 0.31835206 0.03370787]
    optimal quantizer [-8.   -2.16 -0.64  0.72  8.  ]
    optimal input distribution [3.40087116e-01 2.23667608e-01 3.86810871e-08 4.36245238e-01]
    optimal I(X;Z) 1.1189684667185689
    took 74.9045s
iter 1
    given input distribution [3.40087116e-01 2.23667608e-01 3.86810871e-08 4.36245238e-01]
    optimal quantizer [-8.   -2.4  -1.2   0.96  8.  ]
    optimal input distribution [3.29965846e-01 2.46461254e-01 1.34638897e-08 4.23572887e-01]
    optimal I(X;Z) 1.132141071688584
    took 73.8749s
iter 2
    given input distribution [3.29965846e-01 2.46461254e-01 1.34638897e-08 4.23572887e-01]
    optimal quantizer [-8.   -2.4  -1.28  0.96  8.  ]
    optimal input distribution [3.29636513e-01 2.47393272e-01 1.01972942e-08 4.22970204e-01]
    optimal I(X;Z) 1.1321746071349459
    took 73.9715s
stopping criterion met