X=[-3 -1  1  3], N=200, M=4, Sigma=1
start=-8, end=8
max_iter=10, stop_thres=0.0001
mode=3

iter 0
    given input distribution [0.03703704 0.4382716  0.37654321 0.14814815]
    optimal quantizer [-8.   -0.96  0.4   2.16  8.  ]
    optimal input distribution [4.32543568e-01 4.67086660e-08 2.38753796e-01 3.28702590e-01]
    optimal I(X;Z) 1.1249353118715757
    took 71.8125s
iter 1
    given input distribution [4.32543568e-01 4.67086660e-08 2.38753796e-01 3.28702590e-01]
    optimal quantizer [-8.   -0.96  1.2   2.4   8.  ]
    optimal input distribution [4.23570239e-01 6.21922267e-09 2.46458630e-01 3.29971125e-01]
    optimal I(X;Z) 1.1321410736843047
    took 71.7550s
iter 2
    given input distribution [4.23570239e-01 6.21922267e-09 2.46458630e-01 3.29971125e-01]
    optimal quantizer [-8.   -0.96  1.28  2.4   8.  ]
    optimal input distribution [4.22971959e-01 6.38129026e-09 2.47394182e-01 3.29633853e-01]
    optimal I(X;Z) 1.1321746084203959
    took 73.5608s
stopping criterion met