X=[-3 -1  1  3], N=200, M=4, Sigma=1
start=-8, end=8
max_iter=10, stop_thres=0.0001
mode=3

iter 0
    given input distribution [0.66666667 0.23809524 0.03174603 0.06349206]
    optimal quantizer [-8.   -2.24 -1.04  1.2   8.  ]
    optimal input distribution [3.30557566e-01 2.50852195e-01 7.62993607e-09 4.18590232e-01]
    optimal I(X;Z) 1.1251159437457732
    took 74.2519s
iter 1
    given input distribution [3.30557566e-01 2.50852195e-01 7.62993607e-09 4.18590232e-01]
    optimal quantizer [-8.   -2.4  -1.28  0.96  8.  ]
    optimal input distribution [3.29636513e-01 2.47393272e-01 1.01972942e-08 4.22970204e-01]
    optimal I(X;Z) 1.1321746071349459
    took 72.8645s
iter 2
    given input distribution [3.29636513e-01 2.47393272e-01 1.01972942e-08 4.22970204e-01]
    optimal quantizer [-8.   -2.4  -1.28  0.96  8.  ]
    optimal input distribution [3.29636513e-01 2.47393272e-01 1.01972942e-08 4.22970204e-01]
    optimal I(X;Z) 1.1321746071349459
    took 72.0414s
stopping criterion met