X=[-3 -1  1  3], N=200, M=4, Sigma=1
start=-8, end=8
max_iter=10, stop_thres=0.0001
mode=3

iter 0
    given input distribution [0.25       0.15789474 0.21052632 0.38157895]
    optimal quantizer [-8.   -1.76  0.08  1.92  8.  ]
    optimal input distribution [0.36220328 0.13379542 0.14713834 0.35686297]
    optimal I(X;Z) 1.1317081095472996
    took 76.9579s
iter 1
    given input distribution [0.36220328 0.13379542 0.14713834 0.35686297]
    optimal quantizer [-8.   -1.76  0.    1.84  8.  ]
    optimal input distribution [0.36406892 0.13167785 0.14737667 0.35687655]
    optimal I(X;Z) 1.132395458711865
    took 78.2541s
iter 2
    given input distribution [0.36406892 0.13167785 0.14737667 0.35687655]
    optimal quantizer [-8.   -1.76  0.    1.84  8.  ]
    optimal input distribution [0.36406892 0.13167785 0.14737667 0.35687655]
    optimal I(X;Z) 1.132395458711865
    took 78.3786s
stopping criterion met