X=[-3 -1  1  3], N=200, M=4, Sigma=1
start=-8, end=8
max_iter=10, stop_thres=0.0001
mode=3

iter 0
    given input distribution [0.29773463 0.09061489 0.29126214 0.32038835]
    optimal quantizer [-8.   -1.6  -0.08  2.    8.  ]
    optimal input distribution [0.38444114 0.09050183 0.18544042 0.33961661]
    optimal I(X;Z) 1.1300029805724097
    took 71.9951s
iter 1
    given input distribution [0.38444114 0.09050183 0.18544042 0.33961661]
    optimal quantizer [-8.   -1.6   0.    1.92  8.  ]
    optimal input distribution [0.37741918 0.10448184 0.17059367 0.34750531]
    optimal I(X;Z) 1.1313166554490495
    took 73.2318s
iter 2
    given input distribution [0.37741918 0.10448184 0.17059367 0.34750531]
    optimal quantizer [-8.   -1.68 -0.08  1.84  8.  ]
    optimal input distribution [0.37358424 0.11357682 0.16224834 0.3505906 ]
    optimal I(X;Z) 1.1319212828870424
    took 73.9123s
iter 3
    given input distribution [0.37358424 0.11357682 0.16224834 0.3505906 ]
    optimal quantizer [-8.   -1.68  0.    1.84  8.  ]
    optimal input distribution [0.36927581 0.12166797 0.15464186 0.35441437]
    optimal I(X;Z) 1.1321921933664452
    took 73.0170s
iter 4
    given input distribution [0.36927581 0.12166797 0.15464186 0.35441437]
    optimal quantizer [-8.   -1.76  0.    1.84  8.  ]
    optimal input distribution [0.36406892 0.13167785 0.14737667 0.35687655]
    optimal I(X;Z) 1.132395458711865
    took 71.0344s
iter 5
    given input distribution [0.36406892 0.13167785 0.14737667 0.35687655]
    optimal quantizer [-8.   -1.76  0.    1.84  8.  ]
    optimal input distribution [0.36406892 0.13167785 0.14737667 0.35687655]
    optimal I(X;Z) 1.132395458711865
    took 74.0124s
stopping criterion met