X=[-3 -1  1  3], N=200, M=4, Sigma=1
start=-8, end=8
max_iter=10, stop_thres=0.0001
mode=3

iter 0
    given input distribution [0.31690141 0.26760563 0.08450704 0.33098592]
    optimal quantizer [-8.   -2.    0.08  1.6   8.  ]
    optimal input distribution [0.33961259 0.18543663 0.09051194 0.38443883]
    optimal I(X;Z) 1.1300029812461918
    took 74.7962s
iter 1
    given input distribution [0.33961259 0.18543663 0.09051194 0.38443883]
    optimal quantizer [-8.   -1.92  0.    1.6   8.  ]
    optimal input distribution [0.34750226 0.17059576 0.10448709 0.37741489]
    optimal I(X;Z) 1.1313166561362664
    took 74.1909s
iter 2
    given input distribution [0.34750226 0.17059576 0.10448709 0.37741489]
    optimal quantizer [-8.   -1.84  0.08  1.68  8.  ]
    optimal input distribution [0.35059483 0.1622485  0.11356564 0.37359102]
    optimal I(X;Z) 1.1319212819422826
    took 73.7028s
iter 3
    given input distribution [0.35059483 0.1622485  0.11356564 0.37359102]
    optimal quantizer [-8.   -1.84  0.    1.68  8.  ]
    optimal input distribution [0.35442294 0.15463431 0.12165863 0.36928412]
    optimal I(X;Z) 1.1321921920662539
    took 73.7240s
iter 4
    given input distribution [0.35442294 0.15463431 0.12165863 0.36928412]
    optimal quantizer [-8.   -1.84  0.    1.76  8.  ]
    optimal input distribution [0.35687453 0.1473735  0.13166989 0.36408208]
    optimal I(X;Z) 1.1323954580933622
    took 72.7613s
iter 5
    given input distribution [0.35687453 0.1473735  0.13166989 0.36408208]
    optimal quantizer [-8.   -1.84  0.    1.76  8.  ]
    optimal input distribution [0.35687453 0.1473735  0.13166989 0.36408208]
    optimal I(X;Z) 1.1323954580933622
    took 73.0723s
stopping criterion met