X=[-3 -1  1  3], N=200, M=4, Sigma=1
start=-8, end=8
max_iter=10, stop_thres=0.0001
mode=3

iter 0
    given input distribution [0.38297872 0.04787234 0.09574468 0.47340426]
    optimal quantizer [-8.   -1.52  0.    1.76  8.  ]
    optimal input distribution [0.37877586 0.10525966 0.161796   0.35416847]
    optimal I(X;Z) 1.1298849310968018
    took 74.4688s
iter 1
    given input distribution [0.37877586 0.10525966 0.161796   0.35416847]
    optimal quantizer [-8.   -1.68  0.    1.84  8.  ]
    optimal input distribution [0.36927581 0.12166797 0.15464186 0.35441437]
    optimal I(X;Z) 1.1321921933664452
    took 72.5048s
iter 2
    given input distribution [0.36927581 0.12166797 0.15464186 0.35441437]
    optimal quantizer [-8.   -1.76  0.    1.84  8.  ]
    optimal input distribution [0.36406892 0.13167785 0.14737667 0.35687655]
    optimal I(X;Z) 1.132395458711865
    took 73.7823s
iter 3
    given input distribution [0.36406892 0.13167785 0.14737667 0.35687655]
    optimal quantizer [-8.   -1.76  0.    1.84  8.  ]
    optimal input distribution [0.36406892 0.13167785 0.14737667 0.35687655]
    optimal I(X;Z) 1.132395458711865
    took 75.5737s
stopping criterion met