X=[-3 -1  1  3], N=200, M=4, Sigma=1
start=-8, end=8
max_iter=10, stop_thres=0.0001
mode=3

iter 0
    given input distribution [0.32178218 0.14851485 0.2029703  0.32673267]
    optimal quantizer [-8.   -1.76  0.    1.92  8.  ]
    optimal input distribution [0.36649836 0.12556033 0.15542006 0.35252125]
    optimal I(X;Z) 1.1317290238267113
    took 72.5327s
iter 1
    given input distribution [0.36649836 0.12556033 0.15542006 0.35252125]
    optimal quantizer [-8.   -1.76  0.    1.84  8.  ]
    optimal input distribution [0.36406892 0.13167785 0.14737667 0.35687655]
    optimal I(X;Z) 1.132395458711865
    took 71.9154s
iter 2
    given input distribution [0.36406892 0.13167785 0.14737667 0.35687655]
    optimal quantizer [-8.   -1.76  0.    1.84  8.  ]
    optimal input distribution [0.36406892 0.13167785 0.14737667 0.35687655]
    optimal I(X;Z) 1.132395458711865
    took 72.6363s
stopping criterion met