X=[-3 -1  1  3], N=200, M=4, Sigma=1
start=-8, end=8
max_iter=10, stop_thres=0.0001
mode=3

iter 0
    given input distribution [0.36111111 0.         0.02777778 0.61111111]
    optimal quantizer [-8.   -0.72  0.48  1.84  8.  ]
    optimal input distribution [4.40062664e-01 3.10043355e-09 2.11769292e-01 3.48168041e-01]
    optimal I(X;Z) 1.1116397150884505
    took 75.4377s
iter 1
    given input distribution [4.40062664e-01 3.10043355e-09 2.11769292e-01 3.48168041e-01]
    optimal quantizer [-8.   -0.88  1.28  2.4   8.  ]
    optimal input distribution [4.25498295e-01 9.05340214e-09 2.42903657e-01 3.31598039e-01]
    optimal I(X;Z) 1.131746490080345
    took 77.3798s
iter 2
    given input distribution [4.25498295e-01 9.05340214e-09 2.42903657e-01 3.31598039e-01]
    optimal quantizer [-8.   -0.96  1.28  2.4   8.  ]
    optimal input distribution [4.22971959e-01 6.38129026e-09 2.47394182e-01 3.29633853e-01]
    optimal I(X;Z) 1.1321746084203959
    took 77.7523s
iter 3
    given input distribution [4.22971959e-01 6.38129026e-09 2.47394182e-01 3.29633853e-01]
    optimal quantizer [-8.   -0.96  1.28  2.4   8.  ]
    optimal input distribution [4.22971959e-01 6.38129026e-09 2.47394182e-01 3.29633853e-01]
    optimal I(X;Z) 1.1321746084203959
    took 79.1936s
stopping criterion met