X=[-3 -1  1  3], N=200, M=4, Sigma=1
start=-8, end=8
max_iter=10, stop_thres=0.0001
mode=3

iter 0
    given input distribution [0.20555556 0.11111111 0.18888889 0.49444444]
    optimal quantizer [-8.   -1.68  0.16  1.92  8.  ]
    optimal input distribution [0.36359109 0.13112038 0.14685806 0.35843047]
    optimal I(X;Z) 1.1314691918146427
    took 74.0205s
iter 1
    given input distribution [0.36359109 0.13112038 0.14685806 0.35843047]
    optimal quantizer [-8.   -1.76  0.    1.84  8.  ]
    optimal input distribution [0.36406892 0.13167785 0.14737667 0.35687655]
    optimal I(X;Z) 1.132395458711865
    took 72.2111s
iter 2
    given input distribution [0.36406892 0.13167785 0.14737667 0.35687655]
    optimal quantizer [-8.   -1.76  0.    1.84  8.  ]
    optimal input distribution [0.36406892 0.13167785 0.14737667 0.35687655]
    optimal I(X;Z) 1.132395458711865
    took 74.4133s
stopping criterion met