X=[-3 -1  1  3], N=200, M=4, Sigma=1
start=-8, end=8
max_iter=10, stop_thres=0.0001
mode=3

iter 0
    given input distribution [0.28292683 0.37560976 0.27804878 0.06341463]
    optimal quantizer [-8.   -2.   -0.08  1.84  8.  ]
    optimal input distribution [0.35575904 0.14684617 0.1377974  0.35959739]
    optimal I(X;Z) 1.1297909145219664
    took 74.1705s
iter 1
    given input distribution [0.35575904 0.14684617 0.1377974  0.35959739]
    optimal quantizer [-8.   -1.76  0.    1.76  8.  ]
    optimal input distribution [0.36164165 0.13835742 0.13835698 0.36164395]
    optimal I(X;Z) 1.1324863773074734
    took 72.3937s
iter 2
    given input distribution [0.36164165 0.13835742 0.13835698 0.36164395]
    optimal quantizer [-8.   -1.76  0.    1.76  8.  ]
    optimal input distribution [0.36164165 0.13835742 0.13835698 0.36164395]
    optimal I(X;Z) 1.1324863773074734
    took 74.5235s
stopping criterion met