X=[-3 -1  1  3], N=200, M=4, Sigma=1
start=-8, end=8
max_iter=10, stop_thres=0.0001
mode=3

iter 0
    given input distribution [0.15679443 0.32752613 0.32752613 0.18815331]
    optimal quantizer [-8. -2.  0.  2.  8.]
    optimal input distribution [0.35603666 0.14396345 0.14396354 0.35603635]
    optimal I(X;Z) 1.1267973558115625
    took 74.1426s
iter 1
    given input distribution [0.35603666 0.14396345 0.14396354 0.35603635]
    optimal quantizer [-8.   -1.76  0.    1.76  8.  ]
    optimal input distribution [0.36164165 0.13835742 0.13835698 0.36164395]
    optimal I(X;Z) 1.1324863773074734
    took 74.1074s
iter 2
    given input distribution [0.36164165 0.13835742 0.13835698 0.36164395]
    optimal quantizer [-8.   -1.76  0.    1.76  8.  ]
    optimal input distribution [0.36164165 0.13835742 0.13835698 0.36164395]
    optimal I(X;Z) 1.1324863773074734
    took 75.2746s
stopping criterion met