X=[-3 -1  1  3], N=200, M=4, Sigma=1
start=-8, end=8
max_iter=10, stop_thres=0.0001
mode=3

iter 0
    given input distribution [0.07446809 0.37765957 0.42553191 0.12234043]
    optimal quantizer [-8.   -2.    0.    2.08  8.  ]
    optimal input distribution [0.3585282  0.13895092 0.14992411 0.35259677]
    optimal I(X;Z) 1.1244368567331433
    took 74.6263s
iter 1
    given input distribution [0.3585282  0.13895092 0.14992411 0.35259677]
    optimal quantizer [-8.   -1.76  0.    1.84  8.  ]
    optimal input distribution [0.36406892 0.13167785 0.14737667 0.35687655]
    optimal I(X;Z) 1.132395458711865
    took 77.2131s
iter 2
    given input distribution [0.36406892 0.13167785 0.14737667 0.35687655]
    optimal quantizer [-8.   -1.76  0.    1.84  8.  ]
    optimal input distribution [0.36406892 0.13167785 0.14737667 0.35687655]
    optimal I(X;Z) 1.132395458711865
    took 76.1747s
stopping criterion met