X=[-3 -1  1  3], N=200, M=4, Sigma=1
start=-8, end=8
max_iter=10, stop_thres=0.0001
mode=3

iter 0
    given input distribution [0.43925234 0.1588785  0.1588785  0.24299065]
    optimal quantizer [-8.   -1.84 -0.08  1.84  8.  ]
    optimal input distribution [0.36377925 0.1322175  0.14888712 0.35511612]
    optimal I(X;Z) 1.1319373962578465
    took 73.2807s
iter 1
    given input distribution [0.36377925 0.1322175  0.14888712 0.35511612]
    optimal quantizer [-8.   -1.76  0.    1.84  8.  ]
    optimal input distribution [0.36406892 0.13167785 0.14737667 0.35687655]
    optimal I(X;Z) 1.132395458711865
    took 73.9523s
iter 2
    given input distribution [0.36406892 0.13167785 0.14737667 0.35687655]
    optimal quantizer [-8.   -1.76  0.    1.84  8.  ]
    optimal input distribution [0.36406892 0.13167785 0.14737667 0.35687655]
    optimal I(X;Z) 1.132395458711865
    took 73.7192s
stopping criterion met