X=[-3 -1  1  3], N=200, M=4, Sigma=1
start=-8, end=8
max_iter=10, stop_thres=0.0001
mode=3

iter 0
    given input distribution [0.02898551 0.16666667 0.54347826 0.26086957]
    optimal quantizer [-8.   -0.88  0.64  2.32  8.  ]
    optimal input distribution [4.32062296e-01 1.59910166e-08 2.37732082e-01 3.30205605e-01]
    optimal I(X;Z) 1.1245551096232265
    took 73.0094s
iter 1
    given input distribution [4.32062296e-01 1.59910166e-08 2.37732082e-01 3.30205605e-01]
    optimal quantizer [-8.   -0.96  1.2   2.4   8.  ]
    optimal input distribution [4.23570239e-01 6.21922267e-09 2.46458630e-01 3.29971125e-01]
    optimal I(X;Z) 1.1321410736843047
    took 76.1025s
iter 2
    given input distribution [4.23570239e-01 6.21922267e-09 2.46458630e-01 3.29971125e-01]
    optimal quantizer [-8.   -0.96  1.28  2.4   8.  ]
    optimal input distribution [4.22971959e-01 6.38129026e-09 2.47394182e-01 3.29633853e-01]
    optimal I(X;Z) 1.1321746084203959
    took 76.2270s
stopping criterion met