X=[-3 -1  1  3], N=200, M=4, Sigma=1
start=-8, end=8
max_iter=10, stop_thres=0.0001
mode=3

iter 0
    given input distribution [0.19753086 0.46296296 0.33950617 0.        ]
    optimal quantizer [-8.   -2.32 -0.8   0.48  8.  ]
    optimal input distribution [3.52689686e-01 2.05225359e-01 1.19759940e-08 4.42084943e-01]
    optimal I(X;Z) 1.1019165739752785
    took 67.4216s
iter 1
    given input distribution [3.52689686e-01 2.05225359e-01 1.19759940e-08 4.42084943e-01]
    optimal quantizer [-8.   -2.4  -1.28  0.88  8.  ]
    optimal input distribution [3.31598656e-01 2.42903442e-01 8.24979001e-09 4.25497894e-01]
    optimal I(X;Z) 1.1317464903366432
    took 69.6805s
iter 2
    given input distribution [3.31598656e-01 2.42903442e-01 8.24979001e-09 4.25497894e-01]
    optimal quantizer [-8.   -2.4  -1.28  0.96  8.  ]
    optimal input distribution [3.29636513e-01 2.47393272e-01 1.01972942e-08 4.22970204e-01]
    optimal I(X;Z) 1.1321746071349459
    took 68.4075s
iter 3
    given input distribution [3.29636513e-01 2.47393272e-01 1.01972942e-08 4.22970204e-01]
    optimal quantizer [-8.   -2.4  -1.28  0.96  8.  ]
    optimal input distribution [3.29636513e-01 2.47393272e-01 1.01972942e-08 4.22970204e-01]
    optimal I(X;Z) 1.1321746071349459
    took 70.1836s
stopping criterion met