X=[-3 -1  1  3], N=200, M=4, Sigma=1
start=-8, end=8
max_iter=10, stop_thres=0.0001
mode=3

iter 0
    given input distribution [0.33035714 0.30357143 0.32589286 0.04017857]
    optimal quantizer [-8.   -2.08 -0.48  1.04  8.  ]
    optimal input distribution [3.30473540e-01 2.39552252e-01 3.26671300e-07 4.29973881e-01]
    optimal I(X;Z) 1.1264501469028745
    took 73.5239s
iter 1
    given input distribution [3.30473540e-01 2.39552252e-01 3.26671300e-07 4.29973881e-01]
    optimal quantizer [-8.   -2.4  -1.2   0.96  8.  ]
    optimal input distribution [3.29965846e-01 2.46461254e-01 1.34638897e-08 4.23572887e-01]
    optimal I(X;Z) 1.132141071688584
    took 75.3159s
iter 2
    given input distribution [3.29965846e-01 2.46461254e-01 1.34638897e-08 4.23572887e-01]
    optimal quantizer [-8.   -2.4  -1.28  0.96  8.  ]
    optimal input distribution [3.29636513e-01 2.47393272e-01 1.01972942e-08 4.22970204e-01]
    optimal I(X;Z) 1.1321746071349459
    took 74.9227s
stopping criterion met