X=[-3 -1  1  3], N=200, M=4, Sigma=1
start=-8, end=8
max_iter=10, stop_thres=0.0001
mode=3

iter 0
    given input distribution [0.06578947 0.46052632 0.06578947 0.40789474]
    optimal quantizer [-8.   -2.24  0.4   1.6   8.  ]
    optimal input distribution [0.31362403 0.23753699 0.03272506 0.41611392]
    optimal I(X;Z) 1.1188391786427907
    took 76.0541s
iter 1
    given input distribution [0.31362403 0.23753699 0.03272506 0.41611392]
    optimal quantizer [-8.   -2.    0.16  1.44  8.  ]
    optimal input distribution [0.33152957 0.20919188 0.0568042  0.40247436]
    optimal I(X;Z) 1.1279484620249063
    took 75.1262s
iter 2
    given input distribution [0.33152957 0.20919188 0.0568042  0.40247436]
    optimal quantizer [-8.   -1.92  0.16  1.52  8.  ]
    optimal input distribution [0.3380643  0.19333426 0.07580012 0.39280132]
    optimal I(X;Z) 1.1294953807144756
    took 75.7739s
iter 3
    given input distribution [0.3380643  0.19333426 0.07580012 0.39280132]
    optimal quantizer [-8.   -1.92  0.08  1.6   8.  ]
    optimal input distribution [0.343795   0.17804679 0.0963095  0.38184871]
    optimal I(X;Z) 1.13095066353943
    took 75.5464s
iter 4
    given input distribution [0.343795   0.17804679 0.0963095  0.38184871]
    optimal quantizer [-8.   -1.84  0.08  1.68  8.  ]
    optimal input distribution [0.35059483 0.1622485  0.11356564 0.37359102]
    optimal I(X;Z) 1.1319212819422826
    took 74.7998s
iter 5
    given input distribution [0.35059483 0.1622485  0.11356564 0.37359102]
    optimal quantizer [-8.   -1.84  0.    1.68  8.  ]
    optimal input distribution [0.35442294 0.15463431 0.12165863 0.36928412]
    optimal I(X;Z) 1.1321921920662539
    took 75.9699s
iter 6
    given input distribution [0.35442294 0.15463431 0.12165863 0.36928412]
    optimal quantizer [-8.   -1.84  0.    1.76  8.  ]
    optimal input distribution [0.35687453 0.1473735  0.13166989 0.36408208]
    optimal I(X;Z) 1.1323954580933622
    took 76.3773s
iter 7
    given input distribution [0.35687453 0.1473735  0.13166989 0.36408208]
    optimal quantizer [-8.   -1.84  0.    1.76  8.  ]
    optimal input distribution [0.35687453 0.1473735  0.13166989 0.36408208]
    optimal I(X;Z) 1.1323954580933622
    took 74.6115s
stopping criterion met