X=[-3 -1  1  3], N=200, M=4, Sigma=1
start=-8, end=8
max_iter=10, stop_thres=0.0001
mode=3

iter 0
    given input distribution [0.21973094 0.04484305 0.28699552 0.44843049]
    optimal quantizer [-8.   -1.2   0.88  2.24  8.  ]
    optimal input distribution [4.20638552e-01 1.58224508e-07 2.49620140e-01 3.29741150e-01]
    optimal I(X;Z) 1.1252806992534048
    took 72.7298s
iter 1
    given input distribution [4.20638552e-01 1.58224508e-07 2.49620140e-01 3.29741150e-01]
    optimal quantizer [-8.   -0.96  1.28  2.4   8.  ]
    optimal input distribution [4.22971959e-01 6.38129026e-09 2.47394182e-01 3.29633853e-01]
    optimal I(X;Z) 1.1321746084203959
    took 72.7365s
iter 2
    given input distribution [4.22971959e-01 6.38129026e-09 2.47394182e-01 3.29633853e-01]
    optimal quantizer [-8.   -0.96  1.28  2.4   8.  ]
    optimal input distribution [4.22971959e-01 6.38129026e-09 2.47394182e-01 3.29633853e-01]
    optimal I(X;Z) 1.1321746084203959
    took 73.8639s
stopping criterion met