X=[-3 -1  1  3], N=200, M=4, Sigma=1
start=-8, end=8
max_iter=10, stop_thres=0.0001
mode=3

iter 0
    given input distribution [0.25757576 0.32575758 0.12121212 0.29545455]
    optimal quantizer [-8.   -2.    0.08  1.68  8.  ]
    optimal input distribution [0.3419603  0.17789728 0.10136473 0.37877768]
    optimal I(X;Z) 1.1302465007272389
    took 73.6088s
iter 1
    given input distribution [0.3419603  0.17789728 0.10136473 0.37877768]
    optimal quantizer [-8.   -1.84  0.08  1.68  8.  ]
    optimal input distribution [0.35059483 0.1622485  0.11356564 0.37359102]
    optimal I(X;Z) 1.1319212819422826
    took 72.5151s
iter 2
    given input distribution [0.35059483 0.1622485  0.11356564 0.37359102]
    optimal quantizer [-8.   -1.84  0.    1.68  8.  ]
    optimal input distribution [0.35442294 0.15463431 0.12165863 0.36928412]
    optimal I(X;Z) 1.1321921920662539
    took 75.2883s
iter 3
    given input distribution [0.35442294 0.15463431 0.12165863 0.36928412]
    optimal quantizer [-8.   -1.84  0.    1.76  8.  ]
    optimal input distribution [0.35687453 0.1473735  0.13166989 0.36408208]
    optimal I(X;Z) 1.1323954580933622
    took 74.4403s
iter 4
    given input distribution [0.35687453 0.1473735  0.13166989 0.36408208]
    optimal quantizer [-8.   -1.84  0.    1.76  8.  ]
    optimal input distribution [0.35687453 0.1473735  0.13166989 0.36408208]
    optimal I(X;Z) 1.1323954580933622
    took 73.6052s
stopping criterion met