X=[-3 -1  1  3], N=200, M=4, Sigma=1
start=-8, end=8
max_iter=10, stop_thres=0.0001
mode=3

iter 0
    given input distribution [0.04761905 0.64285714 0.30952381 0.        ]
    optimal quantizer [-8.   -2.48 -0.48  0.64  8.  ]
    optimal input distribution [3.37016132e-01 2.20660604e-01 1.43654961e-08 4.42323249e-01]
    optimal I(X;Z) 1.1028058672117882
    took 73.0294s
iter 1
    given input distribution [3.37016132e-01 2.20660604e-01 1.43654961e-08 4.42323249e-01]
    optimal quantizer [-8.   -2.4  -1.2   0.96  8.  ]
    optimal input distribution [3.29965846e-01 2.46461254e-01 1.34638897e-08 4.23572887e-01]
    optimal I(X;Z) 1.132141071688584
    took 75.0924s
iter 2
    given input distribution [3.29965846e-01 2.46461254e-01 1.34638897e-08 4.23572887e-01]
    optimal quantizer [-8.   -2.4  -1.28  0.96  8.  ]
    optimal input distribution [3.29636513e-01 2.47393272e-01 1.01972942e-08 4.22970204e-01]
    optimal I(X;Z) 1.1321746071349459
    took 72.9990s
stopping criterion met