X=[-3 -1  1  3], N=200, M=4, Sigma=1
start=-8, end=8
max_iter=10, stop_thres=0.0001
mode=3

iter 0
    given input distribution [0.1657754  0.42780749 0.35828877 0.04812834]
    optimal quantizer [-8.   -2.16 -0.16  1.6   8.  ]
    optimal input distribution [0.34492381 0.17359455 0.10563104 0.3758506 ]
    optimal I(X;Z) 1.1271255863381127
    took 72.3125s
iter 1
    given input distribution [0.34492381 0.17359455 0.10563104 0.3758506 ]
    optimal quantizer [-8.   -1.84  0.08  1.68  8.  ]
    optimal input distribution [0.35059483 0.1622485  0.11356564 0.37359102]
    optimal I(X;Z) 1.1319212819422826
    took 73.2610s
iter 2
    given input distribution [0.35059483 0.1622485  0.11356564 0.37359102]
    optimal quantizer [-8.   -1.84  0.    1.68  8.  ]
    optimal input distribution [0.35442294 0.15463431 0.12165863 0.36928412]
    optimal I(X;Z) 1.1321921920662539
    took 73.9533s
iter 3
    given input distribution [0.35442294 0.15463431 0.12165863 0.36928412]
    optimal quantizer [-8.   -1.84  0.    1.76  8.  ]
    optimal input distribution [0.35687453 0.1473735  0.13166989 0.36408208]
    optimal I(X;Z) 1.1323954580933622
    took 72.6331s
iter 4
    given input distribution [0.35687453 0.1473735  0.13166989 0.36408208]
    optimal quantizer [-8.   -1.84  0.    1.76  8.  ]
    optimal input distribution [0.35687453 0.1473735  0.13166989 0.36408208]
    optimal I(X;Z) 1.1323954580933622
    took 73.4189s
stopping criterion met