X=[-3 -1  1  3], N=200, M=4, Sigma=1
start=-8, end=8
max_iter=10, stop_thres=0.0001
mode=3

iter 0
    given input distribution [0.61417323 0.22047244 0.1023622  0.06299213]
    optimal quantizer [-8.   -2.   -0.48  1.52  8.  ]
    optimal input distribution [0.36357421 0.1460009  0.12386171 0.36656319]
    optimal I(X;Z) 1.1262405881918118
    took 76.5907s
iter 1
    given input distribution [0.36357421 0.1460009  0.12386171 0.36656319]
    optimal quantizer [-8.   -1.84  0.    1.76  8.  ]
    optimal input distribution [0.35687453 0.1473735  0.13166989 0.36408208]
    optimal I(X;Z) 1.1323954580933622
    took 74.4030s
iter 2
    given input distribution [0.35687453 0.1473735  0.13166989 0.36408208]
    optimal quantizer [-8.   -1.84  0.    1.76  8.  ]
    optimal input distribution [0.35687453 0.1473735  0.13166989 0.36408208]
    optimal I(X;Z) 1.1323954580933622
    took 75.3329s
stopping criterion met