X=[-4 -2  0  2  4], N=200, M=5, Sigma=1
start=-8, end=8
max_iter=10, stop_thres=0.0001
mode=3

iter 0
    given input distribution [0.17716535 0.26377953 0.16535433 0.03937008 0.35433071]
    optimal quantizer [-8.   -3.04 -1.04  1.04  2.4   8.  ]
    optimal input distribution [0.30775388 0.07015788 0.26169027 0.01664644 0.34375152]
    optimal I(X;Z) 1.3992557518821576
    took 113.4557s
iter 1
    given input distribution [0.30775388 0.07015788 0.26169027 0.01664644 0.34375152]
    optimal quantizer [-8.   -2.72 -1.36  1.36  2.48  8.  ]
    optimal input distribution [3.39437156e-01 7.62589180e-03 3.07561209e-01 1.13451551e-08
 3.45375732e-01]
    optimal I(X;Z) 1.4262431963605025
    took 113.3096s
iter 2
    given input distribution [3.39437156e-01 7.62589180e-03 3.07561209e-01 1.13451551e-08
 3.45375732e-01]
    optimal quantizer [-8.   -2.48 -1.52  1.52  2.4   8.  ]
    optimal input distribution [3.43294395e-01 3.28682088e-09 3.13030316e-01 2.47050876e-09
 3.43675283e-01]
    optimal I(X;Z) 1.4342883641040007
    took 113.9788s
iter 3
    given input distribution [3.43294395e-01 3.28682088e-09 3.13030316e-01 2.47050876e-09
 3.43675283e-01]
    optimal quantizer [-8.   -2.4  -1.52  1.52  2.4   8.  ]
    optimal input distribution [3.43677099e-01 6.11445349e-09 3.12645791e-01 6.11445361e-09
 3.43677098e-01]
    optimal I(X;Z) 1.434335021342342
    took 112.1086s
stopping criterion met