X=[-4 -2  0  2  4], N=200, M=5, Sigma=1
start=-8, end=8
max_iter=10, stop_thres=0.0001
mode=3

iter 0
    given input distribution [0.32423208 0.24573379 0.01706485 0.13993174 0.27303754]
    optimal quantizer [-8.   -3.36 -2.16  0.16  2.8   8.  ]
    optimal input distribution [0.33701395 0.03918392 0.26494891 0.04523915 0.31361408]
    optimal I(X;Z) 1.3537763204057618
    took 119.3337s
iter 1
    given input distribution [0.33701395 0.03918392 0.26494891 0.04523915 0.31361408]
    optimal quantizer [-8.   -2.56 -1.36  1.36  2.64  8.  ]
    optimal input distribution [3.44348943e-01 7.55011888e-08 3.11933461e-01 6.35870648e-06
 3.43711162e-01]
    optimal I(X;Z) 1.4269928363323303
    took 121.9637s
iter 2
    given input distribution [3.44348943e-01 7.55011888e-08 3.11933461e-01 6.35870648e-06
 3.43711162e-01]
    optimal quantizer [-8.   -2.4  -1.52  1.52  2.4   8.  ]
    optimal input distribution [3.43677099e-01 6.11445349e-09 3.12645791e-01 6.11445361e-09
 3.43677098e-01]
    optimal I(X;Z) 1.434335021342342
    took 117.8093s
iter 3
    given input distribution [3.43677099e-01 6.11445349e-09 3.12645791e-01 6.11445361e-09
 3.43677098e-01]
    optimal quantizer [-8.   -2.4  -1.52  1.52  2.4   8.  ]
    optimal input distribution [3.43677099e-01 6.11445349e-09 3.12645791e-01 6.11445361e-09
 3.43677098e-01]
    optimal I(X;Z) 1.434335021342342
    took 119.3485s
stopping criterion met