X=[-4 -2  0  2  4], N=200, M=5, Sigma=1
start=-8, end=8
max_iter=10, stop_thres=0.0001
mode=3

iter 0
    given input distribution [0.25490196 0.10588235 0.10196078 0.2627451  0.2745098 ]
    optimal quantizer [-8.   -2.72 -0.8   1.04  3.04  8.  ]
    optimal input distribution [0.31232601 0.07641345 0.21563171 0.09183896 0.30378985]
    optimal I(X;Z) 1.3876980283902074
    took 118.2285s
iter 1
    given input distribution [0.31232601 0.07641345 0.21563171 0.09183896 0.30378985]
    optimal quantizer [-8.   -2.64 -1.2   1.2   2.72  8.  ]
    optimal input distribution [0.33413246 0.02359876 0.28204064 0.03045056 0.32977758]
    optimal I(X;Z) 1.4155395007037321
    took 116.1495s
iter 2
    given input distribution [0.33413246 0.02359876 0.28204064 0.03045056 0.32977758]
    optimal quantizer [-8.   -2.56 -1.44  1.44  2.56  8.  ]
    optimal input distribution [3.43590700e-01 2.97478525e-08 3.12818542e-01 2.97478520e-08
 3.43590698e-01]
    optimal I(X;Z) 1.431417403490323
    took 116.4488s
iter 3
    given input distribution [3.43590700e-01 2.97478525e-08 3.12818542e-01 2.97478520e-08
 3.43590698e-01]
    optimal quantizer [-8.   -2.4  -1.52  1.52  2.4   8.  ]
    optimal input distribution [3.43677099e-01 6.11445349e-09 3.12645791e-01 6.11445361e-09
 3.43677098e-01]
    optimal I(X;Z) 1.434335021342342
    took 115.2463s
iter 4
    given input distribution [3.43677099e-01 6.11445349e-09 3.12645791e-01 6.11445361e-09
 3.43677098e-01]
    optimal quantizer [-8.   -2.4  -1.52  1.52  2.4   8.  ]
    optimal input distribution [3.43677099e-01 6.11445349e-09 3.12645791e-01 6.11445361e-09
 3.43677098e-01]
    optimal I(X;Z) 1.434335021342342
    took 116.4408s
stopping criterion met