X=[-4 -2  0  2  4], N=200, M=5, Sigma=1
start=-8, end=8
max_iter=10, stop_thres=0.0001
mode=3

iter 0
    given input distribution [0.37168142 0.13274336 0.01769912 0.03539823 0.44247788]
    optimal quantizer [-8.   -3.2  -2.    0.32  2.4   8.  ]
    optimal input distribution [3.44900156e-01 3.42795018e-07 3.18372581e-01 1.25837749e-08
 3.36726908e-01]
    optimal I(X;Z) 1.4005464593445194
    took 122.2465s
iter 1
    given input distribution [3.44900156e-01 3.42795018e-07 3.18372581e-01 1.25837749e-08
 3.36726908e-01]
    optimal quantizer [-8.   -2.4  -1.52  1.52  2.4   8.  ]
    optimal input distribution [3.43677099e-01 6.11445349e-09 3.12645791e-01 6.11445361e-09
 3.43677098e-01]
    optimal I(X;Z) 1.434335021342342
    took 122.0237s
iter 2
    given input distribution [3.43677099e-01 6.11445349e-09 3.12645791e-01 6.11445361e-09
 3.43677098e-01]
    optimal quantizer [-8.   -2.4  -1.52  1.52  2.4   8.  ]
    optimal input distribution [3.43677099e-01 6.11445349e-09 3.12645791e-01 6.11445361e-09
 3.43677098e-01]
    optimal I(X;Z) 1.434335021342342
    took 122.3421s
stopping criterion met