X=[-4 -2  0  2  4], N=200, M=5, Sigma=1
start=-8, end=8
max_iter=10, stop_thres=0.0001
mode=3

iter 0
    given input distribution [0.35344828 0.08189655 0.01724138 0.38793103 0.15948276]
    optimal quantizer [-8.   -2.64 -0.32  2.4   3.6   8.  ]
    optimal input distribution [3.36171492e-01 4.15931887e-03 3.20665281e-01 3.17123205e-08
 3.39003876e-01]
    optimal I(X;Z) 1.3552320598583187
    took 125.7782s
iter 1
    given input distribution [3.36171492e-01 4.15931887e-03 3.20665281e-01 3.17123205e-08
 3.39003876e-01]
    optimal quantizer [-8.   -2.48 -1.52  1.52  2.4   8.  ]
    optimal input distribution [3.43294395e-01 3.28682088e-09 3.13030316e-01 2.47050876e-09
 3.43675283e-01]
    optimal I(X;Z) 1.4342883641040007
    took 125.0327s
iter 2
    given input distribution [3.43294395e-01 3.28682088e-09 3.13030316e-01 2.47050876e-09
 3.43675283e-01]
    optimal quantizer [-8.   -2.4  -1.52  1.52  2.4   8.  ]
    optimal input distribution [3.43677099e-01 6.11445349e-09 3.12645791e-01 6.11445361e-09
 3.43677098e-01]
    optimal I(X;Z) 1.434335021342342
    took 122.5731s
stopping criterion met