X=[-4 -2  0  2  4], N=200, M=5, Sigma=1
start=-8, end=8
max_iter=10, stop_thres=0.0001
mode=3

iter 0
    given input distribution [0.40265487 0.03982301 0.09734513 0.16814159 0.2920354 ]
    optimal quantizer [-8.   -2.48 -1.04  1.12  2.96  8.  ]
    optimal input distribution [0.33769646 0.02334992 0.26457995 0.06022952 0.31414416]
    optimal I(X;Z) 1.4050481519544769
    took 114.4021s
iter 1
    given input distribution [0.33769646 0.02334992 0.26457995 0.06022952 0.31414416]
    optimal quantizer [-8.   -2.48 -1.36  1.36  2.64  8.  ]
    optimal input distribution [3.44671730e-01 2.30457896e-08 3.11920328e-01 2.28447030e-06
 3.43405634e-01]
    optimal I(X;Z) 1.4282339658977634
    took 112.5475s
iter 2
    given input distribution [3.44671730e-01 2.30457896e-08 3.11920328e-01 2.28447030e-06
 3.43405634e-01]
    optimal quantizer [-8.   -2.4  -1.52  1.52  2.4   8.  ]
    optimal input distribution [3.43677099e-01 6.11445349e-09 3.12645791e-01 6.11445361e-09
 3.43677098e-01]
    optimal I(X;Z) 1.434335021342342
    took 114.8257s
iter 3
    given input distribution [3.43677099e-01 6.11445349e-09 3.12645791e-01 6.11445361e-09
 3.43677098e-01]
    optimal quantizer [-8.   -2.4  -1.52  1.52  2.4   8.  ]
    optimal input distribution [3.43677099e-01 6.11445349e-09 3.12645791e-01 6.11445361e-09
 3.43677098e-01]
    optimal I(X;Z) 1.434335021342342
    took 114.6257s
stopping criterion met