X=[-4 -2  0  2  4], N=200, M=5, Sigma=1
start=-8, end=8
max_iter=10, stop_thres=0.0001
mode=3

iter 0
    given input distribution [0.43125 0.05625 0.      0.29375 0.21875]
    optimal quantizer [-8.   -2.64 -0.4   2.48  3.6   8.  ]
    optimal input distribution [3.36329707e-01 1.30755486e-02 3.15202997e-01 1.10456676e-08
 3.35391736e-01]
    optimal I(X;Z) 1.3489596669185366
    took 113.0522s
iter 1
    given input distribution [3.36329707e-01 1.30755486e-02 3.15202997e-01 1.10456676e-08
 3.35391736e-01]
    optimal quantizer [-8.   -2.48 -1.52  1.52  2.4   8.  ]
    optimal input distribution [3.43294395e-01 3.28682088e-09 3.13030316e-01 2.47050876e-09
 3.43675283e-01]
    optimal I(X;Z) 1.4342883641040007
    took 113.9932s
iter 2
    given input distribution [3.43294395e-01 3.28682088e-09 3.13030316e-01 2.47050876e-09
 3.43675283e-01]
    optimal quantizer [-8.   -2.4  -1.52  1.52  2.4   8.  ]
    optimal input distribution [3.43677099e-01 6.11445349e-09 3.12645791e-01 6.11445361e-09
 3.43677098e-01]
    optimal I(X;Z) 1.434335021342342
    took 110.7159s
stopping criterion met