X=[-4 -2  0  2  4], N=200, M=5, Sigma=1
start=-8, end=8
max_iter=10, stop_thres=0.0001
mode=3

iter 0
    given input distribution [0.31921824 0.3029316  0.05863192 0.05863192 0.26058632]
    optimal quantizer [-8.   -3.28 -1.92  0.16  2.32  8.  ]
    optimal input distribution [3.39007644e-01 1.61860274e-02 3.07446881e-01 1.56120098e-08
 3.37359432e-01]
    optimal I(X;Z) 1.4035349118964455
    took 113.6311s
iter 1
    given input distribution [3.39007644e-01 1.61860274e-02 3.07446881e-01 1.56120098e-08
 3.37359432e-01]
    optimal quantizer [-8.   -2.48 -1.44  1.52  2.4   8.  ]
    optimal input distribution [3.43491580e-01 8.99788912e-09 3.12657587e-01 4.71580566e-09
 3.43850819e-01]
    optimal I(X;Z) 1.4337781374895548
    took 110.4699s
iter 2
    given input distribution [3.43491580e-01 8.99788912e-09 3.12657587e-01 4.71580566e-09
 3.43850819e-01]
    optimal quantizer [-8.   -2.4  -1.52  1.52  2.4   8.  ]
    optimal input distribution [3.43677099e-01 6.11445349e-09 3.12645791e-01 6.11445361e-09
 3.43677098e-01]
    optimal I(X;Z) 1.434335021342342
    took 112.3820s
iter 3
    given input distribution [3.43677099e-01 6.11445349e-09 3.12645791e-01 6.11445361e-09
 3.43677098e-01]
    optimal quantizer [-8.   -2.4  -1.52  1.52  2.4   8.  ]
    optimal input distribution [3.43677099e-01 6.11445349e-09 3.12645791e-01 6.11445361e-09
 3.43677098e-01]
    optimal I(X;Z) 1.434335021342342
    took 112.0119s
stopping criterion met