X=[-4 -2  0  2  4], N=200, M=5, Sigma=1
start=-8, end=8
max_iter=10, stop_thres=0.0001
mode=3

iter 0
    given input distribution [0.36046512 0.07364341 0.3875969  0.12015504 0.05813953]
    optimal quantizer [-8.   -2.64 -1.36  1.04  2.72  8.  ]
    optimal input distribution [0.34080249 0.01476487 0.28332142 0.03694592 0.32416531]
    optimal I(X;Z) 1.4138590155590363
    took 118.5785s
iter 1
    given input distribution [0.34080249 0.01476487 0.28332142 0.03694592 0.32416531]
    optimal quantizer [-8.   -2.48 -1.44  1.36  2.56  8.  ]
    optimal input distribution [3.44257772e-01 1.16584605e-08 3.12436714e-01 4.48497563e-08
 3.43305457e-01]
    optimal I(X;Z) 1.430967978852222
    took 118.6648s
iter 2
    given input distribution [3.44257772e-01 1.16584605e-08 3.12436714e-01 4.48497563e-08
 3.43305457e-01]
    optimal quantizer [-8.   -2.4  -1.52  1.52  2.4   8.  ]
    optimal input distribution [3.43677099e-01 6.11445349e-09 3.12645791e-01 6.11445361e-09
 3.43677098e-01]
    optimal I(X;Z) 1.434335021342342
    took 120.1089s
iter 3
    given input distribution [3.43677099e-01 6.11445349e-09 3.12645791e-01 6.11445361e-09
 3.43677098e-01]
    optimal quantizer [-8.   -2.4  -1.52  1.52  2.4   8.  ]
    optimal input distribution [3.43677099e-01 6.11445349e-09 3.12645791e-01 6.11445361e-09
 3.43677098e-01]
    optimal I(X;Z) 1.434335021342342
    took 119.5220s
stopping criterion met