X=[-4 -2  0  2  4], N=200, M=5, Sigma=1
start=-8, end=8
max_iter=10, stop_thres=0.0001
mode=3

iter 0
    given input distribution [0.30555556 0.06481481 0.27314815 0.00925926 0.34722222]
    optimal quantizer [-8.   -2.72 -1.36  1.44  2.48  8.  ]
    optimal input distribution [3.39868060e-01 6.21109143e-03 3.08550538e-01 1.25272957e-08
 3.45370297e-01]
    optimal I(X;Z) 1.427213275674204
    took 120.6742s
iter 1
    given input distribution [3.39868060e-01 6.21109143e-03 3.08550538e-01 1.25272957e-08
 3.45370297e-01]
    optimal quantizer [-8.   -2.48 -1.52  1.52  2.4   8.  ]
    optimal input distribution [3.43294395e-01 3.28682088e-09 3.13030316e-01 2.47050876e-09
 3.43675283e-01]
    optimal I(X;Z) 1.4342883641040007
    took 119.1605s
iter 2
    given input distribution [3.43294395e-01 3.28682088e-09 3.13030316e-01 2.47050876e-09
 3.43675283e-01]
    optimal quantizer [-8.   -2.4  -1.52  1.52  2.4   8.  ]
    optimal input distribution [3.43677099e-01 6.11445349e-09 3.12645791e-01 6.11445361e-09
 3.43677098e-01]
    optimal I(X;Z) 1.434335021342342
    took 119.5018s
stopping criterion met