X=[-4 -2  0  2  4], N=200, M=5, Sigma=1
start=-8, end=8
max_iter=10, stop_thres=0.0001
mode=3

iter 0
    given input distribution [0.43165468 0.49640288 0.07194245 0.         0.        ]
    optimal quantizer [-8.   -3.76 -2.88 -1.84 -0.4   8.  ]
    optimal input distribution [3.35020591e-01 2.28263586e-01 6.26837400e-09 1.75570648e-08
 4.36715797e-01]
    optimal I(X;Z) 1.154252758412719
    took 114.2485s
iter 1
    given input distribution [3.35020591e-01 2.28263586e-01 6.26837400e-09 1.75570648e-08
 4.36715797e-01]
    optimal quantizer [-8.   -3.84 -2.96 -2.08  0.96  8.  ]
    optimal input distribution [3.47425689e-01 6.51134846e-02 2.14703561e-01 2.57121878e-09
 3.72757262e-01]
    optimal I(X;Z) 1.2790784307979743
    took 114.1823s
iter 2
    given input distribution [3.47425689e-01 6.51134846e-02 2.14703561e-01 2.57121878e-09
 3.72757262e-01]
    optimal quantizer [-8.   -2.72 -1.36  1.36  2.32  8.  ]
    optimal input distribution [3.39115896e-01 8.01458666e-03 3.06449656e-01 3.47153379e-09
 3.46419858e-01]
    optimal I(X;Z) 1.4269521245729164
    took 114.3416s
iter 3
    given input distribution [3.39115896e-01 8.01458666e-03 3.06449656e-01 3.47153379e-09
 3.46419858e-01]
    optimal quantizer [-8.   -2.48 -1.52  1.52  2.4   8.  ]
    optimal input distribution [3.43294395e-01 3.28682088e-09 3.13030316e-01 2.47050876e-09
 3.43675283e-01]
    optimal I(X;Z) 1.4342883641040007
    took 114.3805s
iter 4
    given input distribution [3.43294395e-01 3.28682088e-09 3.13030316e-01 2.47050876e-09
 3.43675283e-01]
    optimal quantizer [-8.   -2.4  -1.52  1.52  2.4   8.  ]
    optimal input distribution [3.43677099e-01 6.11445349e-09 3.12645791e-01 6.11445361e-09
 3.43677098e-01]
    optimal I(X;Z) 1.434335021342342
    took 113.4782s
stopping criterion met