X=[-4 -2  0  2  4], N=200, M=5, Sigma=1
start=-8, end=8
max_iter=10, stop_thres=0.0001
mode=3

iter 0
    given input distribution [0.16037736 0.41981132 0.33018868 0.02830189 0.06132075]
    optimal quantizer [-8.   -3.28 -1.6  -0.4   2.16  8.  ]
    optimal input distribution [3.16673602e-01 6.60229977e-02 2.78030645e-01 1.77003148e-09
 3.39272754e-01]
    optimal I(X;Z) 1.4061209457690886
    took 120.5697s
iter 1
    given input distribution [3.16673602e-01 6.60229977e-02 2.78030645e-01 1.77003148e-09
 3.39272754e-01]
    optimal quantizer [-8.   -2.72 -1.36  1.44  2.4   8.  ]
    optimal input distribution [3.39719932e-01 6.37248695e-03 3.08129066e-01 2.39559517e-09
 3.45778512e-01]
    optimal I(X;Z) 1.427569901469377
    took 120.5139s
iter 2
    given input distribution [3.39719932e-01 6.37248695e-03 3.08129066e-01 2.39559517e-09
 3.45778512e-01]
    optimal quantizer [-8.   -2.48 -1.52  1.52  2.4   8.  ]
    optimal input distribution [3.43294395e-01 3.28682088e-09 3.13030316e-01 2.47050876e-09
 3.43675283e-01]
    optimal I(X;Z) 1.4342883641040007
    took 120.9372s
iter 3
    given input distribution [3.43294395e-01 3.28682088e-09 3.13030316e-01 2.47050876e-09
 3.43675283e-01]
    optimal quantizer [-8.   -2.4  -1.52  1.52  2.4   8.  ]
    optimal input distribution [3.43677099e-01 6.11445349e-09 3.12645791e-01 6.11445361e-09
 3.43677098e-01]
    optimal I(X;Z) 1.434335021342342
    took 117.6327s
stopping criterion met