X=[-4 -2  0  2  4], N=200, M=5, Sigma=1
start=-8, end=8
max_iter=10, stop_thres=0.0001
mode=3

iter 0
    given input distribution [0.3255814  0.         0.08837209 0.34883721 0.2372093 ]
    optimal quantizer [-8.   -1.76  0.56  2.32  3.52  8.  ]
    optimal input distribution [3.51221129e-01 7.86258729e-10 2.58916086e-01 7.79236812e-02
 3.11939103e-01]
    optimal I(X;Z) 1.400748307041098
    took 113.0697s
iter 1
    given input distribution [3.51221129e-01 7.86258729e-10 2.58916086e-01 7.79236812e-02
 3.11939103e-01]
    optimal quantizer [-8.   -2.4  -1.44  1.36  2.72  8.  ]
    optimal input distribution [3.45775372e-01 1.52385145e-08 3.08126695e-01 6.38598951e-03
 3.39711929e-01]
    optimal I(X;Z) 1.4275698983292426
    took 115.8709s
iter 2
    given input distribution [3.45775372e-01 1.52385145e-08 3.08126695e-01 6.38598951e-03
 3.39711929e-01]
    optimal quantizer [-8.   -2.4  -1.52  1.52  2.48  8.  ]
    optimal input distribution [3.43675227e-01 1.53366035e-09 3.13030313e-01 2.04662659e-09
 3.43294457e-01]
    optimal I(X;Z) 1.4342883645355644
    took 115.1317s
iter 3
    given input distribution [3.43675227e-01 1.53366035e-09 3.13030313e-01 2.04662659e-09
 3.43294457e-01]
    optimal quantizer [-8.   -2.4  -1.52  1.52  2.4   8.  ]
    optimal input distribution [3.43677099e-01 6.11445349e-09 3.12645791e-01 6.11445361e-09
 3.43677098e-01]
    optimal I(X;Z) 1.434335021342342
    took 113.6328s
stopping criterion met