X=[-4 -2  0  2  4], N=200, M=5, Sigma=1
start=-8, end=8
max_iter=10, stop_thres=0.0001
mode=3

iter 0
    given input distribution [0.15662651 0.31927711 0.21084337 0.14457831 0.1686747 ]
    optimal quantizer [-8.   -3.04 -0.96  0.96  2.8   8.  ]
    optimal input distribution [0.30108983 0.09438096 0.21191974 0.08050885 0.31210062]
    optimal I(X;Z) 1.387587499537245
    took 113.2617s
iter 1
    given input distribution [0.30108983 0.09438096 0.21191974 0.08050885 0.31210062]
    optimal quantizer [-8.   -2.72 -1.2   1.2   2.72  8.  ]
    optimal input distribution [0.32947697 0.03266515 0.27571079 0.03266419 0.3294829 ]
    optimal I(X;Z) 1.4136995475765206
    took 113.9528s
iter 2
    given input distribution [0.32947697 0.03266515 0.27571079 0.03266419 0.3294829 ]
    optimal quantizer [-8.   -2.56 -1.36  1.36  2.56  8.  ]
    optimal input distribution [3.43901464e-01 1.86329389e-08 3.12197035e-01 1.86329384e-08
 3.43901464e-01]
    optimal I(X;Z) 1.428714826379192
    took 114.1853s
iter 3
    given input distribution [3.43901464e-01 1.86329389e-08 3.12197035e-01 1.86329384e-08
 3.43901464e-01]
    optimal quantizer [-8.   -2.4  -1.52  1.52  2.4   8.  ]
    optimal input distribution [3.43677099e-01 6.11445349e-09 3.12645791e-01 6.11445361e-09
 3.43677098e-01]
    optimal I(X;Z) 1.434335021342342
    took 112.7738s
iter 4
    given input distribution [3.43677099e-01 6.11445349e-09 3.12645791e-01 6.11445361e-09
 3.43677098e-01]
    optimal quantizer [-8.   -2.4  -1.52  1.52  2.4   8.  ]
    optimal input distribution [3.43677099e-01 6.11445349e-09 3.12645791e-01 6.11445361e-09
 3.43677098e-01]
    optimal I(X;Z) 1.434335021342342
    took 114.4886s
stopping criterion met