X=[-4 -2  0  2  4], N=200, M=5, Sigma=1
start=-8, end=8
max_iter=10, stop_thres=0.0001
mode=3

iter 0
    given input distribution [0.08917197 0.01273885 0.08917197 0.21019108 0.59872611]
    optimal quantizer [-8.   -2.    0.64  2.16  3.28  8.  ]
    optimal input distribution [3.41716280e-01 4.22832593e-10 2.77742110e-01 6.28483129e-02
 3.17693297e-01]
    optimal I(X;Z) 1.4141097297030218
    took 119.9771s
iter 1
    given input distribution [3.41716280e-01 4.22832593e-10 2.77742110e-01 6.28483129e-02
 3.17693297e-01]
    optimal quantizer [-8.   -2.4  -1.44  1.36  2.64  8.  ]
    optimal input distribution [3.45115424e-01 5.13966772e-09 3.11838116e-01 3.54017808e-07
 3.43046102e-01]
    optimal I(X;Z) 1.4295982609148785
    took 121.5294s
iter 2
    given input distribution [3.45115424e-01 5.13966772e-09 3.11838116e-01 3.54017808e-07
 3.43046102e-01]
    optimal quantizer [-8.   -2.4  -1.52  1.52  2.4   8.  ]
    optimal input distribution [3.43677099e-01 6.11445349e-09 3.12645791e-01 6.11445361e-09
 3.43677098e-01]
    optimal I(X;Z) 1.434335021342342
    took 120.3413s
iter 3
    given input distribution [3.43677099e-01 6.11445349e-09 3.12645791e-01 6.11445361e-09
 3.43677098e-01]
    optimal quantizer [-8.   -2.4  -1.52  1.52  2.4   8.  ]
    optimal input distribution [3.43677099e-01 6.11445349e-09 3.12645791e-01 6.11445361e-09
 3.43677098e-01]
    optimal I(X;Z) 1.434335021342342
    took 119.1984s
stopping criterion met