X=[-4 -2  0  2  4], N=200, M=5, Sigma=1
start=-8, end=8
max_iter=10, stop_thres=0.0001
mode=3

iter 0
    given input distribution [0.3539823  0.32300885 0.01327434 0.19469027 0.11504425]
    optimal quantizer [-8.   -3.44 -2.24  0.16  3.04  8.  ]
    optimal input distribution [0.30135158 0.15858597 0.09726553 0.16148168 0.28131523]
    optimal I(X;Z) 1.3329822097948258
    took 115.6459s
iter 1
    given input distribution [0.30135158 0.15858597 0.09726553 0.16148168 0.28131523]
    optimal quantizer [-8.   -2.88 -0.96  0.96  2.88  8.  ]
    optimal input distribution [0.30803106 0.08360374 0.2167304  0.08360374 0.30803106]
    optimal I(X;Z) 1.391193572076034
    took 112.0064s
iter 2
    given input distribution [0.30803106 0.08360374 0.2167304  0.08360374 0.30803106]
    optimal quantizer [-8.   -2.72 -1.2   1.2   2.72  8.  ]
    optimal input distribution [0.32947697 0.03266515 0.27571079 0.03266419 0.3294829 ]
    optimal I(X;Z) 1.4136995475765206
    took 113.0509s
iter 3
    given input distribution [0.32947697 0.03266515 0.27571079 0.03266419 0.3294829 ]
    optimal quantizer [-8.   -2.56 -1.36  1.36  2.56  8.  ]
    optimal input distribution [3.43901464e-01 1.86329389e-08 3.12197035e-01 1.86329384e-08
 3.43901464e-01]
    optimal I(X;Z) 1.428714826379192
    took 111.9356s
iter 4
    given input distribution [3.43901464e-01 1.86329389e-08 3.12197035e-01 1.86329384e-08
 3.43901464e-01]
    optimal quantizer [-8.   -2.4  -1.52  1.52  2.4   8.  ]
    optimal input distribution [3.43677099e-01 6.11445349e-09 3.12645791e-01 6.11445361e-09
 3.43677098e-01]
    optimal I(X;Z) 1.434335021342342
    took 113.5444s
iter 5
    given input distribution [3.43677099e-01 6.11445349e-09 3.12645791e-01 6.11445361e-09
 3.43677098e-01]
    optimal quantizer [-8.   -2.4  -1.52  1.52  2.4   8.  ]
    optimal input distribution [3.43677099e-01 6.11445349e-09 3.12645791e-01 6.11445361e-09
 3.43677098e-01]
    optimal I(X;Z) 1.434335021342342
    took 112.2944s
stopping criterion met