X=[-4 -2  0  2  4], N=200, M=5, Sigma=1
start=-8, end=8
max_iter=10, stop_thres=0.0001
mode=3

iter 0
    given input distribution [0.1618705  0.20143885 0.02877698 0.33453237 0.27338129]
    optimal quantizer [-8.   -2.96 -0.16  2.16  3.44  8.  ]
    optimal input distribution [0.29268299 0.11284017 0.17528096 0.10044771 0.31874817]
    optimal I(X;Z) 1.3406160208559086
    took 112.4956s
iter 1
    given input distribution [0.29268299 0.11284017 0.17528096 0.10044771 0.31874817]
    optimal quantizer [-8.   -2.8  -1.12  1.12  2.72  8.  ]
    optimal input distribution [0.32073129 0.05109889 0.25835999 0.04505084 0.32475899]
    optimal I(X;Z) 1.4074820609244196
    took 112.5574s
iter 2
    given input distribution [0.32073129 0.05109889 0.25835999 0.04505084 0.32475899]
    optimal quantizer [-8.   -2.64 -1.36  1.28  2.56  8.  ]
    optimal input distribution [3.43529171e-01 1.30691169e-03 3.11063425e-01 3.38881776e-07
 3.44100153e-01]
    optimal I(X;Z) 1.4252265991518644
    took 113.0644s
iter 3
    given input distribution [3.43529171e-01 1.30691169e-03 3.11063425e-01 3.38881776e-07
 3.44100153e-01]
    optimal quantizer [-8.   -2.48 -1.52  1.52  2.4   8.  ]
    optimal input distribution [3.43294395e-01 3.28682088e-09 3.13030316e-01 2.47050876e-09
 3.43675283e-01]
    optimal I(X;Z) 1.4342883641040007
    took 112.7350s
iter 4
    given input distribution [3.43294395e-01 3.28682088e-09 3.13030316e-01 2.47050876e-09
 3.43675283e-01]
    optimal quantizer [-8.   -2.4  -1.52  1.52  2.4   8.  ]
    optimal input distribution [3.43677099e-01 6.11445349e-09 3.12645791e-01 6.11445361e-09
 3.43677098e-01]
    optimal I(X;Z) 1.434335021342342
    took 112.3028s
stopping criterion met