X=[-4 -2  0  2  4], N=200, M=5, Sigma=1
start=-8, end=8
max_iter=10, stop_thres=0.0001
mode=3

iter 0
    given input distribution [0.1125   0.309375 0.265625 0.084375 0.228125]
    optimal quantizer [-8.   -3.04 -0.96  1.04  2.64  8.  ]
    optimal input distribution [0.30248024 0.08550196 0.23115994 0.05620376 0.3246541 ]
    optimal I(X;Z) 1.3926103784482444
    took 115.6287s
iter 1
    given input distribution [0.30248024 0.08550196 0.23115994 0.05620376 0.3246541 ]
    optimal quantizer [-8.   -2.72 -1.28  1.28  2.64  8.  ]
    optimal input distribution [0.33462855 0.01981195 0.29357557 0.01313213 0.33885179]
    optimal I(X;Z) 1.4194555865017384
    took 114.9798s
iter 2
    given input distribution [0.33462855 0.01981195 0.29357557 0.01313213 0.33885179]
    optimal quantizer [-8.   -2.48 -1.44  1.44  2.48  8.  ]
    optimal input distribution [3.43662562e-01 1.17886839e-09 3.12674874e-01 1.17886863e-09
 3.43662561e-01]
    optimal I(X;Z) 1.433204593421094
    took 114.8600s
iter 3
    given input distribution [3.43662562e-01 1.17886839e-09 3.12674874e-01 1.17886863e-09
 3.43662561e-01]
    optimal quantizer [-8.   -2.4  -1.52  1.52  2.4   8.  ]
    optimal input distribution [3.43677099e-01 6.11445349e-09 3.12645791e-01 6.11445361e-09
 3.43677098e-01]
    optimal I(X;Z) 1.434335021342342
    took 116.4056s
iter 4
    given input distribution [3.43677099e-01 6.11445349e-09 3.12645791e-01 6.11445361e-09
 3.43677098e-01]
    optimal quantizer [-8.   -2.4  -1.52  1.52  2.4   8.  ]
    optimal input distribution [3.43677099e-01 6.11445349e-09 3.12645791e-01 6.11445361e-09
 3.43677098e-01]
    optimal I(X;Z) 1.434335021342342
    took 112.7617s
stopping criterion met