X=[-4 -2  0  2  4], N=200, M=5, Sigma=1
start=-8, end=8
max_iter=10, stop_thres=0.0001
mode=3

iter 0
    given input distribution [0.37696335 0.04712042 0.09424084 0.46596859 0.01570681]
    optimal quantizer [-8.   -2.72 -1.36  0.16  1.44  8.  ]
    optimal input distribution [3.29147127e-01 6.18856135e-02 2.50043996e-01 2.96130930e-09
 3.58923260e-01]
    optimal I(X;Z) 1.374758321877835
    took 112.8790s
iter 1
    given input distribution [3.29147127e-01 6.18856135e-02 2.50043996e-01 2.96130930e-09
 3.58923260e-01]
    optimal quantizer [-8.   -2.64 -1.36  1.44  2.4   8.  ]
    optimal input distribution [3.43046109e-01 3.46565062e-07 3.11838125e-01 5.01973215e-09
 3.45115414e-01]
    optimal I(X;Z) 1.4295982609868298
    took 112.4285s
iter 2
    given input distribution [3.43046109e-01 3.46565062e-07 3.11838125e-01 5.01973215e-09
 3.45115414e-01]
    optimal quantizer [-8.   -2.4  -1.52  1.52  2.4   8.  ]
    optimal input distribution [3.43677099e-01 6.11445349e-09 3.12645791e-01 6.11445361e-09
 3.43677098e-01]
    optimal I(X;Z) 1.434335021342342
    took 114.9677s
iter 3
    given input distribution [3.43677099e-01 6.11445349e-09 3.12645791e-01 6.11445361e-09
 3.43677098e-01]
    optimal quantizer [-8.   -2.4  -1.52  1.52  2.4   8.  ]
    optimal input distribution [3.43677099e-01 6.11445349e-09 3.12645791e-01 6.11445361e-09
 3.43677098e-01]
    optimal I(X;Z) 1.434335021342342
    took 112.0699s
stopping criterion met