X=[-4 -2  0  2  4], N=200, M=5, Sigma=1
start=-8, end=8
max_iter=10, stop_thres=0.0001
mode=3

iter 0
    given input distribution [0.23684211 0.26900585 0.24853801 0.02631579 0.21929825]
    optimal quantizer [-8.   -3.2  -1.76 -0.4   2.08  8.  ]
    optimal input distribution [3.19784860e-01 5.94915533e-02 2.80546232e-01 1.73743508e-09
 3.40177353e-01]
    optimal I(X;Z) 1.413857953284752
    took 115.7908s
iter 1
    given input distribution [3.19784860e-01 5.94915533e-02 2.80546232e-01 1.73743508e-09
 3.40177353e-01]
    optimal quantizer [-8.   -2.64 -1.36  1.44  2.4   8.  ]
    optimal input distribution [3.43046109e-01 3.46565062e-07 3.11838125e-01 5.01973215e-09
 3.45115414e-01]
    optimal I(X;Z) 1.4295982609868298
    took 114.2106s
iter 2
    given input distribution [3.43046109e-01 3.46565062e-07 3.11838125e-01 5.01973215e-09
 3.45115414e-01]
    optimal quantizer [-8.   -2.4  -1.52  1.52  2.4   8.  ]
    optimal input distribution [3.43677099e-01 6.11445349e-09 3.12645791e-01 6.11445361e-09
 3.43677098e-01]
    optimal I(X;Z) 1.434335021342342
    took 114.5925s
iter 3
    given input distribution [3.43677099e-01 6.11445349e-09 3.12645791e-01 6.11445361e-09
 3.43677098e-01]
    optimal quantizer [-8.   -2.4  -1.52  1.52  2.4   8.  ]
    optimal input distribution [3.43677099e-01 6.11445349e-09 3.12645791e-01 6.11445361e-09
 3.43677098e-01]
    optimal I(X;Z) 1.434335021342342
    took 114.5452s
stopping criterion met