X=[-4 -2  0  2  4], N=200, M=5, Sigma=1
start=-8, end=8
max_iter=10, stop_thres=0.0001
mode=3

iter 0
    given input distribution [0.29518072 0.09638554 0.36144578 0.20481928 0.04216867]
    optimal quantizer [-8.   -2.72 -1.28  0.96  2.72  8.  ]
    optimal input distribution [0.33124499 0.03516497 0.26609654 0.04736884 0.32012466]
    optimal I(X;Z) 1.4083582542267885
    took 112.5279s
iter 1
    given input distribution [0.33124499 0.03516497 0.26609654 0.04736884 0.32012466]
    optimal quantizer [-8.   -2.56 -1.36  1.36  2.64  8.  ]
    optimal input distribution [3.44348943e-01 7.55011888e-08 3.11933461e-01 6.35870648e-06
 3.43711162e-01]
    optimal I(X;Z) 1.4269928363323303
    took 113.4219s
iter 2
    given input distribution [3.44348943e-01 7.55011888e-08 3.11933461e-01 6.35870648e-06
 3.43711162e-01]
    optimal quantizer [-8.   -2.4  -1.52  1.52  2.4   8.  ]
    optimal input distribution [3.43677099e-01 6.11445349e-09 3.12645791e-01 6.11445361e-09
 3.43677098e-01]
    optimal I(X;Z) 1.434335021342342
    took 112.5134s
iter 3
    given input distribution [3.43677099e-01 6.11445349e-09 3.12645791e-01 6.11445361e-09
 3.43677098e-01]
    optimal quantizer [-8.   -2.4  -1.52  1.52  2.4   8.  ]
    optimal input distribution [3.43677099e-01 6.11445349e-09 3.12645791e-01 6.11445361e-09
 3.43677098e-01]
    optimal I(X;Z) 1.434335021342342
    took 110.4235s
stopping criterion met