X=[-4 -2  0  2  4], N=200, M=5, Sigma=1
start=-8, end=8
max_iter=10, stop_thres=0.0001
mode=3

iter 0
    given input distribution [0.41428571 0.2047619  0.18095238 0.14761905 0.05238095]
    optimal quantizer [-8.   -2.88 -1.12  0.8   2.88  8.  ]
    optimal input distribution [0.31346845 0.07878792 0.21736856 0.08674418 0.30363088]
    optimal I(X;Z) 1.3899177420370927
    took 125.5377s
iter 1
    given input distribution [0.31346845 0.07878792 0.21736856 0.08674418 0.30363088]
    optimal quantizer [-8.   -2.64 -1.2   1.2   2.72  8.  ]
    optimal input distribution [0.33413246 0.02359876 0.28204064 0.03045056 0.32977758]
    optimal I(X;Z) 1.4155395007037321
    took 122.3934s
iter 2
    given input distribution [0.33413246 0.02359876 0.28204064 0.03045056 0.32977758]
    optimal quantizer [-8.   -2.56 -1.44  1.44  2.56  8.  ]
    optimal input distribution [3.43590700e-01 2.97478525e-08 3.12818542e-01 2.97478520e-08
 3.43590698e-01]
    optimal I(X;Z) 1.431417403490323
    took 124.3351s
iter 3
    given input distribution [3.43590700e-01 2.97478525e-08 3.12818542e-01 2.97478520e-08
 3.43590698e-01]
    optimal quantizer [-8.   -2.4  -1.52  1.52  2.4   8.  ]
    optimal input distribution [3.43677099e-01 6.11445349e-09 3.12645791e-01 6.11445361e-09
 3.43677098e-01]
    optimal I(X;Z) 1.434335021342342
    took 124.0242s
iter 4
    given input distribution [3.43677099e-01 6.11445349e-09 3.12645791e-01 6.11445361e-09
 3.43677098e-01]
    optimal quantizer [-8.   -2.4  -1.52  1.52  2.4   8.  ]
    optimal input distribution [3.43677099e-01 6.11445349e-09 3.12645791e-01 6.11445361e-09
 3.43677098e-01]
    optimal I(X;Z) 1.434335021342342
    took 125.7204s
stopping criterion met