X=[-4 -2  0  2  4], N=200, M=5, Sigma=1
start=-8, end=8
max_iter=10, stop_thres=0.0001
mode=3

iter 0
    given input distribution [0.11242604 0.08284024 0.17159763 0.53846154 0.09467456]
    optimal quantizer [-8.   -2.56 -0.64  0.96  3.28  8.  ]
    optimal input distribution [0.32066331 0.06967    0.20634556 0.1109141  0.29240704]
    optimal I(X;Z) 1.370887987884689
    took 113.8304s
iter 1
    given input distribution [0.32066331 0.06967    0.20634556 0.1109141  0.29240704]
    optimal quantizer [-8.   -2.64 -1.2   1.2   2.8   8.  ]
    optimal input distribution [0.3339052  0.02574125 0.27620013 0.03847794 0.32567548]
    optimal I(X;Z) 1.4134026717823045
    took 112.7076s
iter 2
    given input distribution [0.3339052  0.02574125 0.27620013 0.03847794 0.32567548]
    optimal quantizer [-8.   -2.56 -1.44  1.36  2.56  8.  ]
    optimal input distribution [3.43969422e-01 5.84346697e-08 3.12504094e-01 6.55472667e-08
 3.43526359e-01]
    optimal I(X;Z) 1.4300735636302813
    took 113.2607s
iter 3
    given input distribution [3.43969422e-01 5.84346697e-08 3.12504094e-01 6.55472667e-08
 3.43526359e-01]
    optimal quantizer [-8.   -2.4  -1.52  1.52  2.4   8.  ]
    optimal input distribution [3.43677099e-01 6.11445349e-09 3.12645791e-01 6.11445361e-09
 3.43677098e-01]
    optimal I(X;Z) 1.434335021342342
    took 113.8592s
iter 4
    given input distribution [3.43677099e-01 6.11445349e-09 3.12645791e-01 6.11445361e-09
 3.43677098e-01]
    optimal quantizer [-8.   -2.4  -1.52  1.52  2.4   8.  ]
    optimal input distribution [3.43677099e-01 6.11445349e-09 3.12645791e-01 6.11445361e-09
 3.43677098e-01]
    optimal I(X;Z) 1.434335021342342
    took 114.4177s
stopping criterion met