X=[-4 -2  0  2  4], N=200, M=5, Sigma=1
start=-8, end=8
max_iter=10, stop_thres=0.0001
mode=3

iter 0
    given input distribution [0.215311   0.18181818 0.05741627 0.22488038 0.32057416]
    optimal quantizer [-8.   -2.96 -0.72  0.88  2.96  8.  ]
    optimal input distribution [0.29501738 0.11445642 0.17915795 0.11216474 0.29920351]
    optimal I(X;Z) 1.3735215119882975
    took 111.8763s
iter 1
    given input distribution [0.29501738 0.11445642 0.17915795 0.11216474 0.29920351]
    optimal quantizer [-8.   -2.8  -1.12  1.12  2.8   8.  ]
    optimal input distribution [0.32049321 0.05341233 0.25218891 0.05341233 0.32049321]
    optimal I(X;Z) 1.405497460927044
    took 113.7237s
iter 2
    given input distribution [0.32049321 0.05341233 0.25218891 0.05341233 0.32049321]
    optimal quantizer [-8.   -2.64 -1.28  1.36  2.64  8.  ]
    optimal input distribution [0.33978687 0.00822637 0.30556763 0.0030412  0.34337793]
    optimal I(X;Z) 1.423265690316696
    took 116.3421s
iter 3
    given input distribution [0.33978687 0.00822637 0.30556763 0.0030412  0.34337793]
    optimal quantizer [-8.   -2.48 -1.52  1.52  2.48  8.  ]
    optimal input distribution [3.43289270e-01 4.12464137e-09 3.13421452e-01 4.12464133e-09
 3.43289269e-01]
    optimal I(X;Z) 1.434242308842265
    took 114.5785s
iter 4
    given input distribution [3.43289270e-01 4.12464137e-09 3.13421452e-01 4.12464133e-09
 3.43289269e-01]
    optimal quantizer [-8.   -2.4  -1.52  1.52  2.4   8.  ]
    optimal input distribution [3.43677099e-01 6.11445349e-09 3.12645791e-01 6.11445361e-09
 3.43677098e-01]
    optimal I(X;Z) 1.434335021342342
    took 114.6398s
stopping criterion met