X=[-4 -2  0  2  4], N=200, M=5, Sigma=1
start=-8, end=8
max_iter=10, stop_thres=0.0001
mode=3

iter 0
    given input distribution [0.28342246 0.36363636 0.0855615  0.23529412 0.03208556]
    optimal quantizer [-8.   -3.04 -0.96  0.56  3.12  8.  ]
    optimal input distribution [0.29722721 0.12914645 0.15207025 0.13880799 0.28274811]
    optimal I(X;Z) 1.3585957204028678
    took 119.2202s
iter 1
    given input distribution [0.29722721 0.12914645 0.15207025 0.13880799 0.28274811]
    optimal quantizer [-8.   -2.8  -1.04  1.04  2.8   8.  ]
    optimal input distribution [0.3162407  0.06337946 0.24075961 0.06337945 0.31624078]
    optimal I(X;Z) 1.400920506332539
    took 116.8151s
iter 2
    given input distribution [0.3162407  0.06337946 0.24075961 0.06337945 0.31624078]
    optimal quantizer [-8.   -2.64 -1.28  1.28  2.64  8.  ]
    optimal input distribution [0.3390526  0.01119382 0.2995067  0.01119283 0.33905404]
    optimal I(X;Z) 1.4213965585764305
    took 118.4623s
iter 3
    given input distribution [0.3390526  0.01119382 0.2995067  0.01119283 0.33905404]
    optimal quantizer [-8.   -2.48 -1.44  1.44  2.48  8.  ]
    optimal input distribution [3.43662562e-01 1.17886839e-09 3.12674874e-01 1.17886863e-09
 3.43662561e-01]
    optimal I(X;Z) 1.433204593421094
    took 117.4899s
iter 4
    given input distribution [3.43662562e-01 1.17886839e-09 3.12674874e-01 1.17886863e-09
 3.43662561e-01]
    optimal quantizer [-8.   -2.4  -1.52  1.52  2.4   8.  ]
    optimal input distribution [3.43677099e-01 6.11445349e-09 3.12645791e-01 6.11445361e-09
 3.43677098e-01]
    optimal I(X;Z) 1.434335021342342
    took 115.1427s
iter 5
    given input distribution [3.43677099e-01 6.11445349e-09 3.12645791e-01 6.11445361e-09
 3.43677098e-01]
    optimal quantizer [-8.   -2.4  -1.52  1.52  2.4   8.  ]
    optimal input distribution [3.43677099e-01 6.11445349e-09 3.12645791e-01 6.11445361e-09
 3.43677098e-01]
    optimal I(X;Z) 1.434335021342342
    took 118.5900s
stopping criterion met