X=[-4 -2  0  2  4], N=200, M=5, Sigma=1
start=-8, end=8
max_iter=10, stop_thres=0.0001
mode=3

iter 0
    given input distribution [0.30483271 0.19702602 0.19330855 0.2936803  0.01115242]
    optimal quantizer [-8.   -3.12 -1.68 -0.24  1.2   8.  ]
    optimal input distribution [3.20492220e-01 9.94996881e-02 2.16877681e-01 1.84357592e-09
 3.63130408e-01]
    optimal I(X;Z) 1.3475947676435256
    took 116.3214s
iter 1
    given input distribution [3.20492220e-01 9.94996881e-02 2.16877681e-01 1.84357592e-09
 3.63130408e-01]
    optimal quantizer [-8.   -3.12 -1.92 -0.72  1.92  8.  ]
    optimal input distribution [3.20884420e-01 5.94256614e-02 2.76807937e-01 4.15265009e-10
 3.42881981e-01]
    optimal I(X;Z) 1.4174061486774305
    took 114.4088s
iter 2
    given input distribution [3.20884420e-01 5.94256614e-02 2.76807937e-01 4.15265009e-10
 3.42881981e-01]
    optimal quantizer [-8.   -2.64 -1.36  1.44  2.4   8.  ]
    optimal input distribution [3.43046109e-01 3.46565062e-07 3.11838125e-01 5.01973215e-09
 3.45115414e-01]
    optimal I(X;Z) 1.4295982609868298
    took 118.3055s
iter 3
    given input distribution [3.43046109e-01 3.46565062e-07 3.11838125e-01 5.01973215e-09
 3.45115414e-01]
    optimal quantizer [-8.   -2.4  -1.52  1.52  2.4   8.  ]
    optimal input distribution [3.43677099e-01 6.11445349e-09 3.12645791e-01 6.11445361e-09
 3.43677098e-01]
    optimal I(X;Z) 1.434335021342342
    took 116.8760s
iter 4
    given input distribution [3.43677099e-01 6.11445349e-09 3.12645791e-01 6.11445361e-09
 3.43677098e-01]
    optimal quantizer [-8.   -2.4  -1.52  1.52  2.4   8.  ]
    optimal input distribution [3.43677099e-01 6.11445349e-09 3.12645791e-01 6.11445361e-09
 3.43677098e-01]
    optimal I(X;Z) 1.434335021342342
    took 117.2676s
stopping criterion met