X=[-4 -2  0  2  4], N=200, M=5, Sigma=1
start=-8, end=8
max_iter=10, stop_thres=0.0001
mode=3

iter 0
    given input distribution [0.18947368 0.04736842 0.41578947 0.11578947 0.23157895]
    optimal quantizer [-8.   -2.64 -1.28  1.28  2.8   8.  ]
    optimal input distribution [0.33870125 0.01498942 0.28812881 0.02743305 0.33074746]
    optimal I(X;Z) 1.4173566652718685
    took 115.9117s
iter 1
    given input distribution [0.33870125 0.01498942 0.28812881 0.02743305 0.33074746]
    optimal quantizer [-8.   -2.48 -1.44  1.44  2.56  8.  ]
    optimal input distribution [3.43877981e-01 1.33580607e-08 3.12748556e-01 1.81297050e-08
 3.43373431e-01]
    optimal I(X;Z) 1.4323112418105546
    took 117.8097s
iter 2
    given input distribution [3.43877981e-01 1.33580607e-08 3.12748556e-01 1.81297050e-08
 3.43373431e-01]
    optimal quantizer [-8.   -2.4  -1.52  1.52  2.4   8.  ]
    optimal input distribution [3.43677099e-01 6.11445349e-09 3.12645791e-01 6.11445361e-09
 3.43677098e-01]
    optimal I(X;Z) 1.434335021342342
    took 116.8207s
iter 3
    given input distribution [3.43677099e-01 6.11445349e-09 3.12645791e-01 6.11445361e-09
 3.43677098e-01]
    optimal quantizer [-8.   -2.4  -1.52  1.52  2.4   8.  ]
    optimal input distribution [3.43677099e-01 6.11445349e-09 3.12645791e-01 6.11445361e-09
 3.43677098e-01]
    optimal I(X;Z) 1.434335021342342
    took 117.5685s
stopping criterion met