X=[-4 -2  0  2  4], N=200, M=5, Sigma=1
start=-8, end=8
max_iter=10, stop_thres=0.0001
mode=3

iter 0
    given input distribution [0.02366864 0.31952663 0.15384615 0.         0.50295858]
    optimal quantizer [-8.   -3.36 -1.36 -0.16  1.84  8.  ]
    optimal input distribution [3.06255790e-01 8.42912399e-02 2.55718756e-01 1.82875988e-09
 3.53734212e-01]
    optimal I(X;Z) 1.3924408468744005
    took 120.1071s
iter 1
    given input distribution [3.06255790e-01 8.42912399e-02 2.55718756e-01 1.82875988e-09
 3.53734212e-01]
    optimal quantizer [-8.   -3.04 -1.92 -0.72  2.    8.  ]
    optimal input distribution [3.23038031e-01 5.43523734e-02 2.82424033e-01 2.53163104e-09
 3.40185560e-01]
    optimal I(X;Z) 1.418269646337463
    took 119.1443s
iter 2
    given input distribution [3.23038031e-01 5.43523734e-02 2.82424033e-01 2.53163104e-09
 3.40185560e-01]
    optimal quantizer [-8.   -2.64 -1.36  1.44  2.4   8.  ]
    optimal input distribution [3.43046109e-01 3.46565062e-07 3.11838125e-01 5.01973215e-09
 3.45115414e-01]
    optimal I(X;Z) 1.4295982609868298
    took 121.2665s
iter 3
    given input distribution [3.43046109e-01 3.46565062e-07 3.11838125e-01 5.01973215e-09
 3.45115414e-01]
    optimal quantizer [-8.   -2.4  -1.52  1.52  2.4   8.  ]
    optimal input distribution [3.43677099e-01 6.11445349e-09 3.12645791e-01 6.11445361e-09
 3.43677098e-01]
    optimal I(X;Z) 1.434335021342342
    took 119.9419s
iter 4
    given input distribution [3.43677099e-01 6.11445349e-09 3.12645791e-01 6.11445361e-09
 3.43677098e-01]
    optimal quantizer [-8.   -2.4  -1.52  1.52  2.4   8.  ]
    optimal input distribution [3.43677099e-01 6.11445349e-09 3.12645791e-01 6.11445361e-09
 3.43677098e-01]
    optimal I(X;Z) 1.434335021342342
    took 121.7748s
stopping criterion met