X=[-4 -2  0  2  4], N=200, M=5, Sigma=1
start=-8, end=8
max_iter=10, stop_thres=0.0001
mode=3

iter 0
    given input distribution [0.25835866 0.17325228 0.21276596 0.24924012 0.10638298]
    optimal quantizer [-8.   -2.88 -1.04  0.88  3.04  8.  ]
    optimal input distribution [0.31052357 0.08671158 0.20497795 0.09964355 0.29814334]
    optimal I(X;Z) 1.3845643012919346
    took 122.1566s
iter 1
    given input distribution [0.31052357 0.08671158 0.20497795 0.09964355 0.29814334]
    optimal quantizer [-8.   -2.72 -1.2   1.2   2.72  8.  ]
    optimal input distribution [0.32947697 0.03266515 0.27571079 0.03266419 0.3294829 ]
    optimal I(X;Z) 1.4136995475765206
    took 117.4775s
iter 2
    given input distribution [0.32947697 0.03266515 0.27571079 0.03266419 0.3294829 ]
    optimal quantizer [-8.   -2.56 -1.36  1.36  2.56  8.  ]
    optimal input distribution [3.43901464e-01 1.86329389e-08 3.12197035e-01 1.86329384e-08
 3.43901464e-01]
    optimal I(X;Z) 1.428714826379192
    took 116.4497s
iter 3
    given input distribution [3.43901464e-01 1.86329389e-08 3.12197035e-01 1.86329384e-08
 3.43901464e-01]
    optimal quantizer [-8.   -2.4  -1.52  1.52  2.4   8.  ]
    optimal input distribution [3.43677099e-01 6.11445349e-09 3.12645791e-01 6.11445361e-09
 3.43677098e-01]
    optimal I(X;Z) 1.434335021342342
    took 116.5161s
iter 4
    given input distribution [3.43677099e-01 6.11445349e-09 3.12645791e-01 6.11445361e-09
 3.43677098e-01]
    optimal quantizer [-8.   -2.4  -1.52  1.52  2.4   8.  ]
    optimal input distribution [3.43677099e-01 6.11445349e-09 3.12645791e-01 6.11445361e-09
 3.43677098e-01]
    optimal I(X;Z) 1.434335021342342
    took 116.1113s
stopping criterion met