X=[-4 -2  0  2  4], N=200, M=5, Sigma=1
start=-8, end=8
max_iter=10, stop_thres=0.0001
mode=3

iter 0
    given input distribution [0.21895425 0.15359477 0.2875817  0.08169935 0.25816993]
    optimal quantizer [-8.   -2.8  -1.12  1.2   2.64  8.  ]
    optimal input distribution [0.32178244 0.04557628 0.27035821 0.02912742 0.33315565]
    optimal I(X;Z) 1.4109935751043419
    took 114.8876s
iter 1
    given input distribution [0.32178244 0.04557628 0.27035821 0.02912742 0.33315565]
    optimal quantizer [-8.   -2.64 -1.36  1.36  2.56  8.  ]
    optimal input distribution [3.43713855e-01 5.45680113e-06 3.11935750e-01 6.33803554e-08
 3.44344875e-01]
    optimal I(X;Z) 1.426992837629926
    took 114.9365s
iter 2
    given input distribution [3.43713855e-01 5.45680113e-06 3.11935750e-01 6.33803554e-08
 3.44344875e-01]
    optimal quantizer [-8.   -2.4  -1.52  1.52  2.4   8.  ]
    optimal input distribution [3.43677099e-01 6.11445349e-09 3.12645791e-01 6.11445361e-09
 3.43677098e-01]
    optimal I(X;Z) 1.434335021342342
    took 116.9146s
iter 3
    given input distribution [3.43677099e-01 6.11445349e-09 3.12645791e-01 6.11445361e-09
 3.43677098e-01]
    optimal quantizer [-8.   -2.4  -1.52  1.52  2.4   8.  ]
    optimal input distribution [3.43677099e-01 6.11445349e-09 3.12645791e-01 6.11445361e-09
 3.43677098e-01]
    optimal I(X;Z) 1.434335021342342
    took 115.6644s
stopping criterion met