X=[-4 -2  0  2  4], N=200, M=5, Sigma=1
start=-8, end=8
max_iter=10, stop_thres=0.0001
mode=3

iter 0
    given input distribution [0.10299003 0.29900332 0.03986711 0.27906977 0.27906977]
    optimal quantizer [-8.   -3.12 -0.48  0.88  3.04  8.  ]
    optimal input distribution [0.28014409 0.14912591 0.13631476 0.14074193 0.29367331]
    optimal I(X;Z) 1.351583673515292
    took 112.9859s
iter 1
    given input distribution [0.28014409 0.14912591 0.13631476 0.14074193 0.29367331]
    optimal quantizer [-8.   -2.88 -1.04  0.96  2.8   8.  ]
    optimal input distribution [0.31155009 0.07477213 0.22914552 0.07165757 0.31287469]
    optimal I(X;Z) 1.3961736346964289
    took 113.6212s
iter 2
    given input distribution [0.31155009 0.07477213 0.22914552 0.07165757 0.31287469]
    optimal quantizer [-8.   -2.72 -1.28  1.2   2.64  8.  ]
    optimal input distribution [0.33386515 0.02287477 0.2879392  0.02044602 0.33487486]
    optimal I(X;Z) 1.4175668055938302
    took 113.5540s
iter 3
    given input distribution [0.33386515 0.02287477 0.2879392  0.02044602 0.33487486]
    optimal quantizer [-8.   -2.56 -1.44  1.44  2.48  8.  ]
    optimal input distribution [3.43374455e-01 1.92451165e-08 3.12745486e-01 1.40643234e-08
 3.43880027e-01]
    optimal I(X;Z) 1.432311241634466
    took 112.7498s
iter 4
    given input distribution [3.43374455e-01 1.92451165e-08 3.12745486e-01 1.40643234e-08
 3.43880027e-01]
    optimal quantizer [-8.   -2.4  -1.52  1.52  2.4   8.  ]
    optimal input distribution [3.43677099e-01 6.11445349e-09 3.12645791e-01 6.11445361e-09
 3.43677098e-01]
    optimal I(X;Z) 1.434335021342342
    took 114.7867s
iter 5
    given input distribution [3.43677099e-01 6.11445349e-09 3.12645791e-01 6.11445361e-09
 3.43677098e-01]
    optimal quantizer [-8.   -2.4  -1.52  1.52  2.4   8.  ]
    optimal input distribution [3.43677099e-01 6.11445349e-09 3.12645791e-01 6.11445361e-09
 3.43677098e-01]
    optimal I(X;Z) 1.434335021342342
    took 113.4327s
stopping criterion met