X=[-4 -2  0  2  4], N=200, M=5, Sigma=1
start=-8, end=8
max_iter=10, stop_thres=0.0001
mode=3

iter 0
    given input distribution [0.30952381 0.         0.02380952 0.52380952 0.14285714]
    optimal quantizer [-8.   -1.44  0.48  2.64  3.76  8.  ]
    optimal input distribution [3.65659701e-01 3.84069507e-09 2.16245544e-01 1.16307056e-01
 3.01787696e-01]
    optimal I(X;Z) 1.3562199632432832
    took 111.1127s
iter 1
    given input distribution [3.65659701e-01 3.84069507e-09 2.16245544e-01 1.16307056e-01
 3.01787696e-01]
    optimal quantizer [-8.   -1.92  0.72  1.92  3.12  8.  ]
    optimal input distribution [3.42885555e-01 3.15623658e-09 2.76818914e-01 5.94032185e-02
 3.20892310e-01]
    optimal I(X;Z) 1.4174061451692626
    took 110.6783s
iter 2
    given input distribution [3.42885555e-01 3.15623658e-09 2.76818914e-01 5.94032185e-02
 3.20892310e-01]
    optimal quantizer [-8.   -2.4  -1.44  1.36  2.64  8.  ]
    optimal input distribution [3.45115424e-01 5.13966772e-09 3.11838116e-01 3.54017808e-07
 3.43046102e-01]
    optimal I(X;Z) 1.4295982609148785
    took 112.9928s
iter 3
    given input distribution [3.45115424e-01 5.13966772e-09 3.11838116e-01 3.54017808e-07
 3.43046102e-01]
    optimal quantizer [-8.   -2.4  -1.52  1.52  2.4   8.  ]
    optimal input distribution [3.43677099e-01 6.11445349e-09 3.12645791e-01 6.11445361e-09
 3.43677098e-01]
    optimal I(X;Z) 1.434335021342342
    took 109.8868s
iter 4
    given input distribution [3.43677099e-01 6.11445349e-09 3.12645791e-01 6.11445361e-09
 3.43677098e-01]
    optimal quantizer [-8.   -2.4  -1.52  1.52  2.4   8.  ]
    optimal input distribution [3.43677099e-01 6.11445349e-09 3.12645791e-01 6.11445361e-09
 3.43677098e-01]
    optimal I(X;Z) 1.434335021342342
    took 111.7292s
stopping criterion met