X=[-4 -2  0  2  4], N=200, M=5, Sigma=1
start=-8, end=8
max_iter=10, stop_thres=0.0001
mode=3

iter 0
    given input distribution [0.24460432 0.30935252 0.11510791 0.28057554 0.05035971]
    optimal quantizer [-8.   -3.04 -0.88  0.72  3.12  8.  ]
    optimal input distribution [0.29544658 0.12515757 0.16071706 0.13144095 0.28723783]
    optimal I(X;Z) 1.363872156696982
    took 124.6795s
iter 1
    given input distribution [0.29544658 0.12515757 0.16071706 0.13144095 0.28723783]
    optimal quantizer [-8.   -2.8  -1.12  1.04  2.8   8.  ]
    optimal input distribution [0.31974753 0.0569526  0.24648303 0.05987082 0.31694603]
    optimal I(X;Z) 1.4031809162397193
    took 123.1217s
iter 2
    given input distribution [0.31974753 0.0569526  0.24648303 0.05987082 0.31694603]
    optimal quantizer [-8.   -2.64 -1.28  1.28  2.64  8.  ]
    optimal input distribution [0.3390526  0.01119382 0.2995067  0.01119283 0.33905404]
    optimal I(X;Z) 1.4213965585764305
    took 118.8820s
iter 3
    given input distribution [0.3390526  0.01119382 0.2995067  0.01119283 0.33905404]
    optimal quantizer [-8.   -2.48 -1.44  1.44  2.48  8.  ]
    optimal input distribution [3.43662562e-01 1.17886839e-09 3.12674874e-01 1.17886863e-09
 3.43662561e-01]
    optimal I(X;Z) 1.433204593421094
    took 119.1089s
iter 4
    given input distribution [3.43662562e-01 1.17886839e-09 3.12674874e-01 1.17886863e-09
 3.43662561e-01]
    optimal quantizer [-8.   -2.4  -1.52  1.52  2.4   8.  ]
    optimal input distribution [3.43677099e-01 6.11445349e-09 3.12645791e-01 6.11445361e-09
 3.43677098e-01]
    optimal I(X;Z) 1.434335021342342
    took 116.6116s
iter 5
    given input distribution [3.43677099e-01 6.11445349e-09 3.12645791e-01 6.11445361e-09
 3.43677098e-01]
    optimal quantizer [-8.   -2.4  -1.52  1.52  2.4   8.  ]
    optimal input distribution [3.43677099e-01 6.11445349e-09 3.12645791e-01 6.11445361e-09
 3.43677098e-01]
    optimal I(X;Z) 1.434335021342342
    took 119.6731s
stopping criterion met